This is pdfTeX, Version 3.141592653-2.6-1.40.25 (TeX Live 2023/Debian) (preloaded format=pdflatex 2026.5.20)  21 JUN 2026 10:34
entering extended mode
 restricted \write18 enabled.
 file:line:error style messages enabled.
 %&-line parsing enabled.
**/home/claudia/TFG/Memoria/proyecto.tex
(/home/claudia/TFG/Memoria/proyecto.tex
LaTeX2e <2023-11-01> patch level 1
L3 programming layer <2024-01-22>
(/usr/share/texlive/texmf-dist/tex/latex/base/book.cls
Document Class: book 2023/05/17 v1.4n Standard LaTeX document class
(/usr/share/texlive/texmf-dist/tex/latex/base/bk11.clo
File: bk11.clo 2023/05/17 v1.4n Standard LaTeX file (size option)
)
\c@part=\count187
\c@chapter=\count188
\c@section=\count189
\c@subsection=\count190
\c@subsubsection=\count191
\c@paragraph=\count192
\c@subparagraph=\count193
\c@figure=\count194
\c@table=\count195
\abovecaptionskip=\skip48
\belowcaptionskip=\skip49
\bibindent=\dimen140
) (/usr/share/texlive/texmf-dist/tex/latex/listings/listings.sty (/usr/share/texlive/texmf-dist/tex/latex/graphics/keyval.sty
Package: keyval 2022/05/29 v1.15 key=value parser (DPC)
\KV@toks@=\toks17
)
\lst@mode=\count196
\lst@gtempboxa=\box51
\lst@token=\toks18
\lst@length=\count197
\lst@currlwidth=\dimen141
\lst@column=\count198
\lst@pos=\count199
\lst@lostspace=\dimen142
\lst@width=\dimen143
\lst@newlines=\count266
\lst@lineno=\count267
\lst@maxwidth=\dimen144
 (/usr/share/texlive/texmf-dist/tex/latex/listings/lstmisc.sty
File: lstmisc.sty 2023/02/27 1.9 (Carsten Heinz)
\c@lstnumber=\count268
\lst@skipnumbers=\count269
\lst@framebox=\box52
) (/usr/share/texlive/texmf-dist/tex/latex/listings/listings.cfg
File: listings.cfg 2023/02/27 1.9 listings configuration
))
Package: listings 2023/02/27 1.9 (Carsten Heinz)
 (/usr/share/texlive/texmf-dist/tex/latex/base/inputenc.sty
Package: inputenc 2021/02/14 v1.3d Input encoding file
\inpenc@prehook=\toks19
\inpenc@posthook=\toks20
) (/usr/share/texlive/texmf-dist/tex/generic/babel/babel.sty
Package: babel 2024/01/07 v24.1 The Babel package
\babel@savecnt=\count270
\U@D=\dimen145
\l@unhyphenated=\language89
 (/usr/share/texlive/texmf-dist/tex/generic/babel/txtbabel.def)
\bbl@readstream=\read2
\bbl@dirlevel=\count271
 (/usr/share/texlive/texmf-dist/tex/generic/babel-spanish/spanish.ldf
Language: spanish.ldf 2021/05/27 v5.0q Spanish support from the babel system
\es@quottoks=\toks21
\es@quotdepth=\count272
Package babel Info: Making " an active character on input line 570.
Package babel Info: Making . an active character on input line 675.
Package babel Info: Making < an active character on input line 722.
Package babel Info: Making > an active character on input line 722.
)) (/usr/share/texlive/texmf-dist/tex/generic/babel/locale/es/babel-spanish.tex
Package babel Info: Importing font and identification data for spanish
(babel)             from babel-es.ini. Reported on input line 11.
) (/usr/share/texlive/texmf-dist/tex/latex/tools/tabularx.sty
Package: tabularx 2023/07/08 v2.11c `tabularx' package (DPC)
 (/usr/share/texlive/texmf-dist/tex/latex/tools/array.sty
Package: array 2023/10/16 v2.5g Tabular extension package (FMi)
\col@sep=\dimen146
\ar@mcellbox=\box53
\extrarowheight=\dimen147
\NC@list=\toks22
\extratabsurround=\skip50
\backup@length=\skip51
\ar@cellbox=\box54
)
\TX@col@width=\dimen148
\TX@old@table=\dimen149
\TX@old@col=\dimen150
\TX@target=\dimen151
\TX@delta=\dimen152
\TX@cols=\count273
\TX@ftn=\toks23
) (/usr/share/texlive/texmf-dist/tex/latex/csquotes/csquotes.sty
Package: csquotes 2022-09-14 v5.2n context-sensitive quotations (JAW)
 (/usr/share/texlive/texmf-dist/tex/latex/etoolbox/etoolbox.sty
Package: etoolbox 2020/10/05 v2.5k e-TeX tools for LaTeX (JAW)
\etb@tempcnta=\count274
)
\csq@reset=\count275
\csq@gtype=\count276
\csq@glevel=\count277
\csq@qlevel=\count278
\csq@maxlvl=\count279
\csq@tshold=\count280
\csq@ltx@everypar=\toks24
 (/usr/share/texlive/texmf-dist/tex/latex/csquotes/csquotes.def
File: csquotes.def 2022-09-14 v5.2n csquotes generic definitions (JAW)
)
Package csquotes Info: Trying to load configuration file 'csquotes.cfg'...
Package csquotes Info: ... configuration file loaded successfully.
 (/usr/share/texlive/texmf-dist/tex/latex/csquotes/csquotes.cfg
File: csquotes.cfg 
)) (/usr/share/texlive/texmf-dist/tex/latex/biblatex/biblatex.sty
Package: biblatex 2023/03/05 v3.19 programmable bibliographies (PK/MW)
 (/usr/share/texlive/texmf-dist/tex/generic/pdftexcmds/pdftexcmds.sty
Package: pdftexcmds 2020-06-27 v0.33 Utility functions of pdfTeX for LuaTeX (HO)
 (/usr/share/texlive/texmf-dist/tex/generic/infwarerr/infwarerr.sty
Package: infwarerr 2019/12/03 v1.5 Providing info/warning/error messages (HO)
) (/usr/share/texlive/texmf-dist/tex/generic/iftex/iftex.sty
Package: iftex 2022/02/03 v1.0f TeX engine tests
) (/usr/share/texlive/texmf-dist/tex/generic/ltxcmds/ltxcmds.sty
Package: ltxcmds 2023-12-04 v1.26 LaTeX kernel commands for general use (HO)
)
Package pdftexcmds Info: \pdf@primitive is available.
Package pdftexcmds Info: \pdf@ifprimitive is available.
Package pdftexcmds Info: \pdfdraftmode found.
) (/usr/share/texlive/texmf-dist/tex/latex/kvoptions/kvoptions.sty
Package: kvoptions 2022-06-15 v3.15 Key value format for package options (HO)
 (/usr/share/texlive/texmf-dist/tex/latex/kvsetkeys/kvsetkeys.sty
Package: kvsetkeys 2022-10-05 v1.19 Key value parser (HO)
)) (/usr/share/texlive/texmf-dist/tex/latex/logreq/logreq.sty
Package: logreq 2010/08/04 v1.0 xml request logger
\lrq@indent=\count281
 (/usr/share/texlive/texmf-dist/tex/latex/logreq/logreq.def
File: logreq.def 2010/08/04 v1.0 logreq spec v1.0
)) (/usr/share/texlive/texmf-dist/tex/latex/base/ifthen.sty
Package: ifthen 2022/04/13 v1.1d Standard LaTeX ifthen package (DPC)
) (/usr/share/texlive/texmf-dist/tex/latex/url/url.sty
\Urlmuskip=\muskip16
Package: url 2013/09/16  ver 3.4  Verb mode for urls, etc.
)
\c@tabx@nest=\count282
\c@listtotal=\count283
\c@listcount=\count284
\c@liststart=\count285
\c@liststop=\count286
\c@citecount=\count287
\c@citetotal=\count288
\c@multicitecount=\count289
\c@multicitetotal=\count290
\c@instcount=\count291
\c@maxnames=\count292
\c@minnames=\count293
\c@maxitems=\count294
\c@minitems=\count295
\c@citecounter=\count296
\c@maxcitecounter=\count297
\c@savedcitecounter=\count298
\c@uniquelist=\count299
\c@uniquename=\count300
\c@refsection=\count301
\c@refsegment=\count302
\c@maxextratitle=\count303
\c@maxextratitleyear=\count304
\c@maxextraname=\count305
\c@maxextradate=\count306
\c@maxextraalpha=\count307
\c@abbrvpenalty=\count308
\c@highnamepenalty=\count309
\c@lownamepenalty=\count310
\c@maxparens=\count311
\c@parenlevel=\count312
\blx@tempcnta=\count313
\blx@tempcntb=\count314
\blx@tempcntc=\count315
\c@blx@maxsection=\count316
\blx@maxsegment@0=\count317
\blx@notetype=\count318
\blx@parenlevel@text=\count319
\blx@parenlevel@foot=\count320
\blx@sectionciteorder@0=\count321
\blx@sectionciteorderinternal@0=\count322
\blx@entrysetcounter=\count323
\blx@biblioinstance=\count324
\labelnumberwidth=\skip52
\labelalphawidth=\skip53
\biblabelsep=\skip54
\bibitemsep=\skip55
\bibnamesep=\skip56
\bibinitsep=\skip57
\bibparsep=\skip58
\bibhang=\skip59
\blx@bcfin=\read3
\blx@bcfout=\write3
\blx@langwohyphens=\language90
\c@mincomprange=\count325
\c@maxcomprange=\count326
\c@mincompwidth=\count327
Package biblatex Info: Trying to load biblatex default data model...
Package biblatex Info: ... file 'blx-dm.def' found.
 (/usr/share/texlive/texmf-dist/tex/latex/biblatex/blx-dm.def
File: blx-dm.def 2023/03/05 v3.19 biblatex localization (PK/MW)
)
Package biblatex Info: Trying to load biblatex style data model...
Package biblatex Info: ... file 'numeric.dbx' not found.
Package biblatex Info: Trying to load biblatex custom data model...
Package biblatex Info: ... file 'biblatex-dm.cfg' not found.
\c@afterword=\count328
\c@savedafterword=\count329
\c@annotator=\count330
\c@savedannotator=\count331
\c@author=\count332
\c@savedauthor=\count333
\c@bookauthor=\count334
\c@savedbookauthor=\count335
\c@commentator=\count336
\c@savedcommentator=\count337
\c@editor=\count338
\c@savededitor=\count339
\c@editora=\count340
\c@savededitora=\count341
\c@editorb=\count342
\c@savededitorb=\count343
\c@editorc=\count344
\c@savededitorc=\count345
\c@foreword=\count346
\c@savedforeword=\count347
\c@holder=\count348
\c@savedholder=\count349
\c@introduction=\count350
\c@savedintroduction=\count351
\c@namea=\count352
\c@savednamea=\count353
\c@nameb=\count354
\c@savednameb=\count355
\c@namec=\count356
\c@savednamec=\count357
\c@translator=\count358
\c@savedtranslator=\count359
\c@shortauthor=\count360
\c@savedshortauthor=\count361
\c@shorteditor=\count362
\c@savedshorteditor=\count363
\c@labelname=\count364
\c@savedlabelname=\count365
\c@institution=\count366
\c@savedinstitution=\count367
\c@lista=\count368
\c@savedlista=\count369
\c@listb=\count370
\c@savedlistb=\count371
\c@listc=\count372
\c@savedlistc=\count373
\c@listd=\count374
\c@savedlistd=\count375
\c@liste=\count376
\c@savedliste=\count377
\c@listf=\count378
\c@savedlistf=\count379
\c@location=\count380
\c@savedlocation=\count381
\c@organization=\count382
\c@savedorganization=\count383
\c@origlocation=\count384
\c@savedoriglocation=\count385
\c@origpublisher=\count386
\c@savedorigpublisher=\count387
\c@publisher=\count388
\c@savedpublisher=\count389
\c@language=\count390
\c@savedlanguage=\count391
\c@origlanguage=\count392
\c@savedoriglanguage=\count393
\c@pageref=\count394
\c@savedpageref=\count395
\shorthandwidth=\skip60
\shortjournalwidth=\skip61
\shortserieswidth=\skip62
\shorttitlewidth=\skip63
\shortauthorwidth=\skip64
\shorteditorwidth=\skip65
\locallabelnumberwidth=\skip66
\locallabelalphawidth=\skip67
\localshorthandwidth=\skip68
\localshortjournalwidth=\skip69
\localshortserieswidth=\skip70
\localshorttitlewidth=\skip71
\localshortauthorwidth=\skip72
\localshorteditorwidth=\skip73
Package biblatex Info: Trying to load compatibility code...
Package biblatex Info: ... file 'blx-compat.def' found.
 (/usr/share/texlive/texmf-dist/tex/latex/biblatex/blx-compat.def
File: blx-compat.def 2023/03/05 v3.19 biblatex compatibility (PK/MW)
)
Package biblatex Info: Trying to load generic definitions...
Package biblatex Info: ... file 'biblatex.def' found.
 (/usr/share/texlive/texmf-dist/tex/latex/biblatex/biblatex.def
File: biblatex.def 2023/03/05 v3.19 biblatex compatibility (PK/MW)
\c@textcitecount=\count396
\c@textcitetotal=\count397
\c@textcitemaxnames=\count398
\c@biburlbigbreakpenalty=\count399
\c@biburlbreakpenalty=\count400
\c@biburlnumpenalty=\count401
\c@biburlucpenalty=\count402
\c@biburllcpenalty=\count403
\biburlbigskip=\muskip17
\biburlnumskip=\muskip18
\biburlucskip=\muskip19
\biburllcskip=\muskip20
\c@smartand=\count404
)
Package biblatex Info: Trying to load bibliography style 'numeric'...
Package biblatex Info: ... file 'numeric.bbx' found.
 (/usr/share/texlive/texmf-dist/tex/latex/biblatex/bbx/numeric.bbx
File: numeric.bbx 2023/03/05 v3.19 biblatex bibliography style (PK/MW)
Package biblatex Info: Trying to load bibliography style 'standard'...
Package biblatex Info: ... file 'standard.bbx' found.
 (/usr/share/texlive/texmf-dist/tex/latex/biblatex/bbx/standard.bbx
File: standard.bbx 2023/03/05 v3.19 biblatex bibliography style (PK/MW)
\c@bbx:relatedcount=\count405
\c@bbx:relatedtotal=\count406
))
Package biblatex Info: Trying to load citation style 'numeric'...
Package biblatex Info: ... file 'numeric.cbx' found.
 (/usr/share/texlive/texmf-dist/tex/latex/biblatex/cbx/numeric.cbx
File: numeric.cbx 2023/03/05 v3.19 biblatex citation style (PK/MW)
Package biblatex Info: Redefining '\cite'.
Package biblatex Info: Redefining '\parencite'.
Package biblatex Info: Redefining '\footcite'.
Package biblatex Info: Redefining '\footcitetext'.
Package biblatex Info: Redefining '\smartcite'.
Package biblatex Info: Redefining '\supercite'.
Package biblatex Info: Redefining '\textcite'.
Package biblatex Info: Redefining '\textcites'.
Package biblatex Info: Redefining '\cites'.
Package biblatex Info: Redefining '\parencites'.
Package biblatex Info: Redefining '\smartcites'.
)
Package biblatex Info: Trying to load configuration file...
Package biblatex Info: ... file 'biblatex.cfg' found.
 (/usr/share/texlive/texmf-dist/tex/latex/biblatex/biblatex.cfg
File: biblatex.cfg 
)
Package biblatex Info: Input encoding 'utf8' detected.
Package biblatex Info: Document encoding is UTF8 ....
 (/usr/share/texlive/texmf-dist/tex/latex/l3kernel/expl3.sty
Package: expl3 2024-01-22 L3 programming layer (loader) 
 (/usr/share/texlive/texmf-dist/tex/latex/l3backend/l3backend-pdftex.def
File: l3backend-pdftex.def 2024-01-04 L3 backend support: PDF output (pdfTeX)
\l__color_backend_stack_int=\count407
\l__pdf_internal_box=\box55
))
Package biblatex Info: ... and expl3
(biblatex)             2024-01-22 L3 programming layer (loader) 
(biblatex)             is new enough (at least 2020/04/06),
(biblatex)             setting 'casechanger=expl3'.
 (/usr/share/texlive/texmf-dist/tex/latex/biblatex/blx-case-expl3.sty (/usr/share/texlive/texmf-dist/tex/latex/l3packages/xparse/xparse.sty
Package: xparse 2023-10-10 L3 Experimental document command parser
)
Package: blx-case-expl3 2023/03/05 v3.19 expl3 case changing code for biblatex
)) (/usr/share/texlive/texmf-dist/tex/latex/graphics/graphicx.sty
Package: graphicx 2021/09/16 v1.2d Enhanced LaTeX Graphics (DPC,SPQR)
 (/usr/share/texlive/texmf-dist/tex/latex/graphics/graphics.sty
Package: graphics 2022/03/10 v1.4e Standard LaTeX Graphics (DPC,SPQR)
 (/usr/share/texlive/texmf-dist/tex/latex/graphics/trig.sty
Package: trig 2021/08/11 v1.11 sin cos tan (DPC)
) (/usr/share/texlive/texmf-dist/tex/latex/graphics-cfg/graphics.cfg
File: graphics.cfg 2016/06/04 v1.11 sample graphics configuration
)
Package graphics Info: Driver file: pdftex.def on input line 107.
 (/usr/share/texlive/texmf-dist/tex/latex/graphics-def/pdftex.def
File: pdftex.def 2022/09/22 v1.2b Graphics/color driver for pdftex
))
\Gin@req@height=\dimen153
\Gin@req@width=\dimen154
) (/usr/share/texlive/texmf-dist/tex/latex/caption/subcaption.sty
Package: subcaption 2023/07/28 v1.6b Sub-captions (AR)
 (/usr/share/texlive/texmf-dist/tex/latex/caption/caption.sty
Package: caption 2023/08/05 v3.6o Customizing captions (AR)
 (/usr/share/texlive/texmf-dist/tex/latex/caption/caption3.sty
Package: caption3 2023/07/31 v2.4d caption3 kernel (AR)
\caption@tempdima=\dimen155
\captionmargin=\dimen156
\caption@leftmargin=\dimen157
\caption@rightmargin=\dimen158
\caption@width=\dimen159
\caption@indent=\dimen160
\caption@parindent=\dimen161
\caption@hangindent=\dimen162
Package caption Info: Standard document class detected.
)
\c@caption@flags=\count408
\c@continuedfloat=\count409
Package caption Info: listings package is loaded.
)
Package caption Info: New subtype `subfigure' on input line 238.
\c@subfigure=\count410
Package caption Info: New subtype `subtable' on input line 238.
\c@subtable=\count411
) (/usr/share/texlive/texmf-dist/tex/latex/pgfgantt/pgfgantt.sty
Package: pgfgantt 2018/01/10 v5.0 Draw Gantt diagrams with TikZ
 (/usr/share/texlive/texmf-dist/tex/latex/pgf/frontendlayer/tikz.sty (/usr/share/texlive/texmf-dist/tex/latex/pgf/basiclayer/pgf.sty (/usr/share/texlive/texmf-dist/tex/latex/pgf/utilities/pgfrcs.sty (/usr/share/texlive/texmf-dist/tex/generic/pgf/utilities/pgfutil-common.tex
\pgfutil@everybye=\toks25
\pgfutil@tempdima=\dimen163
\pgfutil@tempdimb=\dimen164
) (/usr/share/texlive/texmf-dist/tex/generic/pgf/utilities/pgfutil-latex.def
\pgfutil@abb=\box56
) (/usr/share/texlive/texmf-dist/tex/generic/pgf/utilities/pgfrcs.code.tex (/usr/share/texlive/texmf-dist/tex/generic/pgf/pgf.revision.tex)
Package: pgfrcs 2023-01-15 v3.1.10 (3.1.10)
))
Package: pgf 2023-01-15 v3.1.10 (3.1.10)
 (/usr/share/texlive/texmf-dist/tex/latex/pgf/basiclayer/pgfcore.sty (/usr/share/texlive/texmf-dist/tex/latex/pgf/systemlayer/pgfsys.sty (/usr/share/texlive/texmf-dist/tex/generic/pgf/systemlayer/pgfsys.code.tex
Package: pgfsys 2023-01-15 v3.1.10 (3.1.10)
 (/usr/share/texlive/texmf-dist/tex/generic/pgf/utilities/pgfkeys.code.tex
\pgfkeys@pathtoks=\toks26
\pgfkeys@temptoks=\toks27
 (/usr/share/texlive/texmf-dist/tex/generic/pgf/utilities/pgfkeyslibraryfiltered.code.tex
\pgfkeys@tmptoks=\toks28
))
\pgf@x=\dimen165
\pgf@y=\dimen166
\pgf@xa=\dimen167
\pgf@ya=\dimen168
\pgf@xb=\dimen169
\pgf@yb=\dimen170
\pgf@xc=\dimen171
\pgf@yc=\dimen172
\pgf@xd=\dimen173
\pgf@yd=\dimen174
\w@pgf@writea=\write4
\r@pgf@reada=\read4
\c@pgf@counta=\count412
\c@pgf@countb=\count413
\c@pgf@countc=\count414
\c@pgf@countd=\count415
\t@pgf@toka=\toks29
\t@pgf@tokb=\toks30
\t@pgf@tokc=\toks31
\pgf@sys@id@count=\count416
 (/usr/share/texlive/texmf-dist/tex/generic/pgf/systemlayer/pgf.cfg
File: pgf.cfg 2023-01-15 v3.1.10 (3.1.10)
)
Driver file for pgf: pgfsys-pdftex.def
 (/usr/share/texlive/texmf-dist/tex/generic/pgf/systemlayer/pgfsys-pdftex.def
File: pgfsys-pdftex.def 2023-01-15 v3.1.10 (3.1.10)
 (/usr/share/texlive/texmf-dist/tex/generic/pgf/systemlayer/pgfsys-common-pdf.def
File: pgfsys-common-pdf.def 2023-01-15 v3.1.10 (3.1.10)
))) (/usr/share/texlive/texmf-dist/tex/generic/pgf/systemlayer/pgfsyssoftpath.code.tex
File: pgfsyssoftpath.code.tex 2023-01-15 v3.1.10 (3.1.10)
\pgfsyssoftpath@smallbuffer@items=\count417
\pgfsyssoftpath@bigbuffer@items=\count418
) (/usr/share/texlive/texmf-dist/tex/generic/pgf/systemlayer/pgfsysprotocol.code.tex
File: pgfsysprotocol.code.tex 2023-01-15 v3.1.10 (3.1.10)
)) (/usr/share/texlive/texmf-dist/tex/latex/xcolor/xcolor.sty
Package: xcolor 2023/11/15 v3.01 LaTeX color extensions (UK)
 (/usr/share/texlive/texmf-dist/tex/latex/graphics-cfg/color.cfg
File: color.cfg 2016/01/02 v1.6 sample color configuration
)
Package xcolor Info: Driver file: pdftex.def on input line 274.
 (/usr/share/texlive/texmf-dist/tex/latex/graphics/mathcolor.ltx)
Package xcolor Info: Model `cmy' substituted by `cmy0' on input line 1350.
Package xcolor Info: Model `hsb' substituted by `rgb' on input line 1354.
Package xcolor Info: Model `RGB' extended on input line 1366.
Package xcolor Info: Model `HTML' substituted by `rgb' on input line 1368.
Package xcolor Info: Model `Hsb' substituted by `hsb' on input line 1369.
Package xcolor Info: Model `tHsb' substituted by `hsb' on input line 1370.
Package xcolor Info: Model `HSB' substituted by `hsb' on input line 1371.
Package xcolor Info: Model `Gray' substituted by `gray' on input line 1372.
Package xcolor Info: Model `wave' substituted by `hsb' on input line 1373.
) (/usr/share/texlive/texmf-dist/tex/generic/pgf/basiclayer/pgfcore.code.tex
Package: pgfcore 2023-01-15 v3.1.10 (3.1.10)
 (/usr/share/texlive/texmf-dist/tex/generic/pgf/math/pgfmath.code.tex (/usr/share/texlive/texmf-dist/tex/generic/pgf/math/pgfmathutil.code.tex) (/usr/share/texlive/texmf-dist/tex/generic/pgf/math/pgfmathparser.code.tex
\pgfmath@dimen=\dimen175
\pgfmath@count=\count419
\pgfmath@box=\box57
\pgfmath@toks=\toks32
\pgfmath@stack@operand=\toks33
\pgfmath@stack@operation=\toks34
) (/usr/share/texlive/texmf-dist/tex/generic/pgf/math/pgfmathfunctions.code.tex) (/usr/share/texlive/texmf-dist/tex/generic/pgf/math/pgfmathfunctions.basic.code.tex) (/usr/share/texlive/texmf-dist/tex/generic/pgf/math/pgfmathfunctions.trigonometric.code.tex) (/usr/share/texlive/texmf-dist/tex/generic/pgf/math/pgfmathfunctions.random.code.tex) (/usr/share/texlive/texmf-dist/tex/generic/pgf/math/pgfmathfunctions.comparison.code.tex) (/usr/share/texlive/texmf-dist/tex/generic/pgf/math/pgfmathfunctions.base.code.tex) (/usr/share/texlive/texmf-dist/tex/generic/pgf/math/pgfmathfunctions.round.code.tex) (/usr/share/texlive/texmf-dist/tex/generic/pgf/math/pgfmathfunctions.misc.code.tex) (/usr/share/texlive/texmf-dist/tex/generic/pgf/math/pgfmathfunctions.integerarithmetics.code.tex) (/usr/share/texlive/texmf-dist/tex/generic/pgf/math/pgfmathcalc.code.tex) (/usr/share/texlive/texmf-dist/tex/generic/pgf/math/pgfmathfloat.code.tex
\c@pgfmathroundto@lastzeros=\count420
)) (/usr/share/texlive/texmf-dist/tex/generic/pgf/math/pgfint.code.tex) (/usr/share/texlive/texmf-dist/tex/generic/pgf/basiclayer/pgfcorepoints.code.tex
File: pgfcorepoints.code.tex 2023-01-15 v3.1.10 (3.1.10)
\pgf@picminx=\dimen176
\pgf@picmaxx=\dimen177
\pgf@picminy=\dimen178
\pgf@picmaxy=\dimen179
\pgf@pathminx=\dimen180
\pgf@pathmaxx=\dimen181
\pgf@pathminy=\dimen182
\pgf@pathmaxy=\dimen183
\pgf@xx=\dimen184
\pgf@xy=\dimen185
\pgf@yx=\dimen186
\pgf@yy=\dimen187
\pgf@zx=\dimen188
\pgf@zy=\dimen189
) (/usr/share/texlive/texmf-dist/tex/generic/pgf/basiclayer/pgfcorepathconstruct.code.tex
File: pgfcorepathconstruct.code.tex 2023-01-15 v3.1.10 (3.1.10)
\pgf@path@lastx=\dimen190
\pgf@path@lasty=\dimen191
) (/usr/share/texlive/texmf-dist/tex/generic/pgf/basiclayer/pgfcorepathusage.code.tex
File: pgfcorepathusage.code.tex 2023-01-15 v3.1.10 (3.1.10)
\pgf@shorten@end@additional=\dimen192
\pgf@shorten@start@additional=\dimen193
) (/usr/share/texlive/texmf-dist/tex/generic/pgf/basiclayer/pgfcorescopes.code.tex
File: pgfcorescopes.code.tex 2023-01-15 v3.1.10 (3.1.10)
\pgfpic=\box58
\pgf@hbox=\box59
\pgf@layerbox@main=\box60
\pgf@picture@serial@count=\count421
) (/usr/share/texlive/texmf-dist/tex/generic/pgf/basiclayer/pgfcoregraphicstate.code.tex
File: pgfcoregraphicstate.code.tex 2023-01-15 v3.1.10 (3.1.10)
\pgflinewidth=\dimen194
) (/usr/share/texlive/texmf-dist/tex/generic/pgf/basiclayer/pgfcoretransformations.code.tex
File: pgfcoretransformations.code.tex 2023-01-15 v3.1.10 (3.1.10)
\pgf@pt@x=\dimen195
\pgf@pt@y=\dimen196
\pgf@pt@temp=\dimen197
) (/usr/share/texlive/texmf-dist/tex/generic/pgf/basiclayer/pgfcorequick.code.tex
File: pgfcorequick.code.tex 2023-01-15 v3.1.10 (3.1.10)
) (/usr/share/texlive/texmf-dist/tex/generic/pgf/basiclayer/pgfcoreobjects.code.tex
File: pgfcoreobjects.code.tex 2023-01-15 v3.1.10 (3.1.10)
) (/usr/share/texlive/texmf-dist/tex/generic/pgf/basiclayer/pgfcorepathprocessing.code.tex
File: pgfcorepathprocessing.code.tex 2023-01-15 v3.1.10 (3.1.10)
) (/usr/share/texlive/texmf-dist/tex/generic/pgf/basiclayer/pgfcorearrows.code.tex
File: pgfcorearrows.code.tex 2023-01-15 v3.1.10 (3.1.10)
\pgfarrowsep=\dimen198
) (/usr/share/texlive/texmf-dist/tex/generic/pgf/basiclayer/pgfcoreshade.code.tex
File: pgfcoreshade.code.tex 2023-01-15 v3.1.10 (3.1.10)
\pgf@max=\dimen199
\pgf@sys@shading@range@num=\count422
\pgf@shadingcount=\count423
) (/usr/share/texlive/texmf-dist/tex/generic/pgf/basiclayer/pgfcoreimage.code.tex
File: pgfcoreimage.code.tex 2023-01-15 v3.1.10 (3.1.10)
) (/usr/share/texlive/texmf-dist/tex/generic/pgf/basiclayer/pgfcoreexternal.code.tex
File: pgfcoreexternal.code.tex 2023-01-15 v3.1.10 (3.1.10)
\pgfexternal@startupbox=\box61
) (/usr/share/texlive/texmf-dist/tex/generic/pgf/basiclayer/pgfcorelayers.code.tex
File: pgfcorelayers.code.tex 2023-01-15 v3.1.10 (3.1.10)
) (/usr/share/texlive/texmf-dist/tex/generic/pgf/basiclayer/pgfcoretransparency.code.tex
File: pgfcoretransparency.code.tex 2023-01-15 v3.1.10 (3.1.10)
) (/usr/share/texlive/texmf-dist/tex/generic/pgf/basiclayer/pgfcorepatterns.code.tex
File: pgfcorepatterns.code.tex 2023-01-15 v3.1.10 (3.1.10)
) (/usr/share/texlive/texmf-dist/tex/generic/pgf/basiclayer/pgfcorerdf.code.tex
File: pgfcorerdf.code.tex 2023-01-15 v3.1.10 (3.1.10)
))) (/usr/share/texlive/texmf-dist/tex/generic/pgf/modules/pgfmoduleshapes.code.tex
File: pgfmoduleshapes.code.tex 2023-01-15 v3.1.10 (3.1.10)
\pgfnodeparttextbox=\box62
) (/usr/share/texlive/texmf-dist/tex/generic/pgf/modules/pgfmoduleplot.code.tex
File: pgfmoduleplot.code.tex 2023-01-15 v3.1.10 (3.1.10)
) (/usr/share/texlive/texmf-dist/tex/latex/pgf/compatibility/pgfcomp-version-0-65.sty
Package: pgfcomp-version-0-65 2023-01-15 v3.1.10 (3.1.10)
\pgf@nodesepstart=\dimen256
\pgf@nodesepend=\dimen257
) (/usr/share/texlive/texmf-dist/tex/latex/pgf/compatibility/pgfcomp-version-1-18.sty
Package: pgfcomp-version-1-18 2023-01-15 v3.1.10 (3.1.10)
)) (/usr/share/texlive/texmf-dist/tex/latex/pgf/utilities/pgffor.sty (/usr/share/texlive/texmf-dist/tex/latex/pgf/utilities/pgfkeys.sty (/usr/share/texlive/texmf-dist/tex/generic/pgf/utilities/pgfkeys.code.tex)) (/usr/share/texlive/texmf-dist/tex/latex/pgf/math/pgfmath.sty (/usr/share/texlive/texmf-dist/tex/generic/pgf/math/pgfmath.code.tex)) (/usr/share/texlive/texmf-dist/tex/generic/pgf/utilities/pgffor.code.tex
Package: pgffor 2023-01-15 v3.1.10 (3.1.10)
\pgffor@iter=\dimen258
\pgffor@skip=\dimen259
\pgffor@stack=\toks35
\pgffor@toks=\toks36
)) (/usr/share/texlive/texmf-dist/tex/generic/pgf/frontendlayer/tikz/tikz.code.tex
Package: tikz 2023-01-15 v3.1.10 (3.1.10)
 (/usr/share/texlive/texmf-dist/tex/generic/pgf/libraries/pgflibraryplothandlers.code.tex
File: pgflibraryplothandlers.code.tex 2023-01-15 v3.1.10 (3.1.10)
\pgf@plot@mark@count=\count424
\pgfplotmarksize=\dimen260
)
\tikz@lastx=\dimen261
\tikz@lasty=\dimen262
\tikz@lastxsaved=\dimen263
\tikz@lastysaved=\dimen264
\tikz@lastmovetox=\dimen265
\tikz@lastmovetoy=\dimen266
\tikzleveldistance=\dimen267
\tikzsiblingdistance=\dimen268
\tikz@figbox=\box63
\tikz@figbox@bg=\box64
\tikz@tempbox=\box65
\tikz@tempbox@bg=\box66
\tikztreelevel=\count425
\tikznumberofchildren=\count426
\tikznumberofcurrentchild=\count427
\tikz@fig@count=\count428
 (/usr/share/texlive/texmf-dist/tex/generic/pgf/modules/pgfmodulematrix.code.tex
File: pgfmodulematrix.code.tex 2023-01-15 v3.1.10 (3.1.10)
\pgfmatrixcurrentrow=\count429
\pgfmatrixcurrentcolumn=\count430
\pgf@matrix@numberofcolumns=\count431
)
\tikz@expandcount=\count432
 (/usr/share/texlive/texmf-dist/tex/generic/pgf/frontendlayer/tikz/libraries/tikzlibrarytopaths.code.tex
File: tikzlibrarytopaths.code.tex 2023-01-15 v3.1.10 (3.1.10)
))) (/usr/share/texlive/texmf-dist/tex/generic/pgf/frontendlayer/tikz/libraries/tikzlibraryarrows.code.tex
File: tikzlibraryarrows.code.tex 2023-01-15 v3.1.10 (3.1.10)
 (/usr/share/texlive/texmf-dist/tex/generic/pgf/libraries/pgflibraryarrows.code.tex
File: pgflibraryarrows.code.tex 2023-01-15 v3.1.10 (3.1.10)
\arrowsize=\dimen269
)) (/usr/share/texlive/texmf-dist/tex/generic/pgf/frontendlayer/tikz/libraries/tikzlibrarybackgrounds.code.tex
File: tikzlibrarybackgrounds.code.tex 2023-01-15 v3.1.10 (3.1.10)
\pgf@layerbox@background=\box67
\pgf@layerboxsaved@background=\box68
) (/usr/share/texlive/texmf-dist/tex/generic/pgf/frontendlayer/tikz/libraries/tikzlibrarycalc.code.tex
File: tikzlibrarycalc.code.tex 2023-01-15 v3.1.10 (3.1.10)
) (/usr/share/texlive/texmf-dist/tex/generic/pgf/frontendlayer/tikz/libraries/tikzlibrarypatterns.code.tex
File: tikzlibrarypatterns.code.tex 2023-01-15 v3.1.10 (3.1.10)
 (/usr/share/texlive/texmf-dist/tex/generic/pgf/libraries/pgflibrarypatterns.code.tex
File: pgflibrarypatterns.code.tex 2023-01-15 v3.1.10 (3.1.10)
)) (/usr/share/texlive/texmf-dist/tex/generic/pgf/frontendlayer/tikz/libraries/tikzlibrarypositioning.code.tex
File: tikzlibrarypositioning.code.tex 2023-01-15 v3.1.10 (3.1.10)
) (/usr/share/texlive/texmf-dist/tex/generic/pgf/frontendlayer/tikz/libraries/tikzlibraryshapes.geometric.code.tex
File: tikzlibraryshapes.geometric.code.tex 2023-01-15 v3.1.10 (3.1.10)
 (/usr/share/texlive/texmf-dist/tex/generic/pgf/libraries/shapes/pgflibraryshapes.geometric.code.tex
File: pgflibraryshapes.geometric.code.tex 2023-01-15 v3.1.10 (3.1.10)
)) (/usr/share/texlive/texmf-dist/tex/latex/pgf/utilities/pgfcalendar.sty (/usr/share/texlive/texmf-dist/tex/generic/pgf/utilities/pgfcalendar.code.tex
File: pgfcalendar.code.tex 2023-01-15 v3.1.10 (3.1.10)
\pgfcalendarcurrentjulian=\count433
\pgf@cal@easter@Y=\count434
\pgf@cal@easter@G=\count435
\pgf@cal@easter@C=\count436
\pgf@cal@easter@X=\count437
\pgf@cal@easter@Z=\count438
\pgf@cal@easter@D=\count439
\pgf@cal@easter@E=\count440
\pgf@cal@easter@N=\count441
\pgf@cal@easter@M=\count442
\pgf@cal@easter@julianday=\count443
))
\gtt@currentline=\count444
\gtt@lasttitleline=\count445
\gtt@currgrid=\count446
\gtt@chartwidth=\count447
\gtt@lasttitleslot=\count448
\gtt@elementid=\count449
\gtt@today@slot=\count450
\gtt@startjulian=\count451
\gtt@endjulian=\count452
\gtt@chartid=\count453
\gtt@vrule@slot=\count454
\gtt@calendar@slots=\count455
\gtt@calendar@weeknumber=\count456
\gtt@calendar@startofweek=\count457
\gtt@left@slot=\count458
\gtt@right@slot=\count459
) (/usr/share/texlive/texmf-dist/tex/latex/pdflscape/pdflscape.sty
Package: pdflscape 2022-10-27 v0.13 Display of landscape pages in PDF
 (/usr/share/texlive/texmf-dist/tex/latex/pdflscape/pdflscape-nometadata.sty
Package: pdflscape-nometadata 2022-10-28 v0.13 Display of landscape pages in PDF (HO)
 (/usr/share/texlive/texmf-dist/tex/latex/graphics/lscape.sty
Package: lscape 2020/05/28 v3.02 Landscape Pages (DPC)
)
Package pdflscape Info: Auto-detected driver: pdftex on input line 81.
)) (/usr/share/texlive/texmf-dist/tex/latex/tools/dcolumn.sty
Package: dcolumn 2023/07/08 v1.06 decimal alignment package (DPC)
) (/usr/share/texlive/texmf-dist/tex/latex/tools/verbatim.sty
Package: verbatim 2023-11-06 v1.5v LaTeX2e package for verbatim enhancements
\every@verbatim=\toks37
\verbatim@line=\toks38
\verbatim@in@stream=\read5
) (/usr/share/texlive/texmf-dist/tex/latex/fancyhdr/fancyhdr.sty
Package: fancyhdr 2022/11/09 v4.1 Extensive control of page headers and footers
\f@nch@headwidth=\skip74
\f@nch@O@elh=\skip75
\f@nch@O@erh=\skip76
\f@nch@O@olh=\skip77
\f@nch@O@orh=\skip78
\f@nch@O@elf=\skip79
\f@nch@O@erf=\skip80
\f@nch@O@olf=\skip81
\f@nch@O@orf=\skip82
) (/usr/share/texlive/texmf-dist/tex/latex/tools/afterpage.sty
Package: afterpage 2023/07/04 v1.08 After-Page Package (DPC)
\AP@output=\toks39
\AP@partial=\box69
\AP@footins=\box70
) (/usr/share/texlive/texmf-dist/tex/latex/tools/longtable.sty
Package: longtable 2023-11-01 v4.19 Multi-page Table package (DPC)
\LTleft=\skip83
\LTright=\skip84
\LTpre=\skip85
\LTpost=\skip86
\LTchunksize=\count460
\LTcapwidth=\dimen270
\LT@head=\box71
\LT@firsthead=\box72
\LT@foot=\box73
\LT@lastfoot=\box74
\LT@gbox=\box75
\LT@cols=\count461
\LT@rows=\count462
\c@LT@tables=\count463
\c@LT@chunks=\count464
\LT@p@ftn=\toks40
) (/usr/share/texlive/texmf-dist/tex/latex/colortbl/colortbl.sty
Package: colortbl 2022/06/20 v1.0f Color table columns (DPC)
\everycr=\toks41
\minrowclearance=\skip87
\rownum=\count465
)
(/usr/share/texlive/texmf-dist/tex/latex/footmisc/footmisc.sty
Package: footmisc 2023/07/05 v6.0f a miscellany of footnote facilities
\FN@temptoken=\toks42
\footnotemargin=\dimen271
\@outputbox@depth=\dimen272
Package footmisc Info: Declaring symbol style bringhurst on input line 696.
Package footmisc Info: Declaring symbol style chicago on input line 704.
Package footmisc Info: Declaring symbol style wiley on input line 713.
Package footmisc Info: Declaring symbol style lamport-robust on input line 724.
Package footmisc Info: Declaring symbol style lamport* on input line 744.
Package footmisc Info: Declaring symbol style lamport*-robust on input line 765.
) (/usr/share/texlive/texmf-dist/tex/latex/hyperref/hyperref.sty
Package: hyperref 2024-01-20 v7.01h Hypertext links for LaTeX
 (/usr/share/texlive/texmf-dist/tex/generic/kvdefinekeys/kvdefinekeys.sty
Package: kvdefinekeys 2019-12-19 v1.6 Define keys (HO)
) (/usr/share/texlive/texmf-dist/tex/generic/pdfescape/pdfescape.sty
Package: pdfescape 2019/12/09 v1.15 Implements pdfTeX's escape features (HO)
) (/usr/share/texlive/texmf-dist/tex/latex/hycolor/hycolor.sty
Package: hycolor 2020-01-27 v1.10 Color options for hyperref/bookmark (HO)
) (/usr/share/texlive/texmf-dist/tex/latex/auxhook/auxhook.sty
Package: auxhook 2019-12-17 v1.6 Hooks for auxiliary files (HO)
) (/usr/share/texlive/texmf-dist/tex/latex/hyperref/nameref.sty
Package: nameref 2023-11-26 v2.56 Cross-referencing by name of section
 (/usr/share/texlive/texmf-dist/tex/latex/refcount/refcount.sty
Package: refcount 2019/12/15 v3.6 Data extraction from label references (HO)
) (/usr/share/texlive/texmf-dist/tex/generic/gettitlestring/gettitlestring.sty
Package: gettitlestring 2019/12/15 v1.6 Cleanup title references (HO)
)
\c@section@level=\count466
)
\@linkdim=\dimen273
\Hy@linkcounter=\count467
\Hy@pagecounter=\count468
 (/usr/share/texlive/texmf-dist/tex/latex/hyperref/pd1enc.def
File: pd1enc.def 2024-01-20 v7.01h Hyperref: PDFDocEncoding definition (HO)
Now handling font encoding PD1 ...
... no UTF-8 mapping file for font encoding PD1
) (/usr/share/texlive/texmf-dist/tex/generic/intcalc/intcalc.sty
Package: intcalc 2019/12/15 v1.3 Expandable calculations with integers (HO)
)
\Hy@SavedSpaceFactor=\count469
 (/usr/share/texlive/texmf-dist/tex/latex/hyperref/puenc.def
File: puenc.def 2024-01-20 v7.01h Hyperref: PDF Unicode definition (HO)
Now handling font encoding PU ...
... no UTF-8 mapping file for font encoding PU
)
Package hyperref Info: Hyper figures OFF on input line 4182.
Package hyperref Info: Link nesting OFF on input line 4187.
Package hyperref Info: Hyper index ON on input line 4190.
Package hyperref Info: Plain pages OFF on input line 4197.
Package hyperref Info: Backreferencing OFF on input line 4202.
Package hyperref Info: Implicit mode ON; LaTeX internals redefined.
Package hyperref Info: Bookmarks ON on input line 4449.
\c@Hy@tempcnt=\count470
LaTeX Info: Redefining \url on input line 4787.
\XeTeXLinkMargin=\dimen274
 (/usr/share/texlive/texmf-dist/tex/generic/bitset/bitset.sty
Package: bitset 2019/12/09 v1.3 Handle bit-vector datatype (HO)
 (/usr/share/texlive/texmf-dist/tex/generic/bigintcalc/bigintcalc.sty
Package: bigintcalc 2019/12/15 v1.5 Expandable calculations on big integers (HO)
))
\Fld@menulength=\count471
\Field@Width=\dimen275
\Fld@charsize=\dimen276
Package hyperref Info: Hyper figures OFF on input line 6066.
Package hyperref Info: Link nesting OFF on input line 6071.
Package hyperref Info: Hyper index ON on input line 6074.
Package hyperref Info: backreferencing OFF on input line 6081.
Package hyperref Info: Link coloring OFF on input line 6086.
Package hyperref Info: Link coloring with OCG OFF on input line 6091.
Package hyperref Info: PDF/A mode OFF on input line 6096.
 (/usr/share/texlive/texmf-dist/tex/latex/base/atbegshi-ltx.sty
Package: atbegshi-ltx 2021/01/10 v1.0c Emulation of the original atbegshi
package with kernel methods
)
\Hy@abspage=\count472
\c@Item=\count473
\c@Hfootnote=\count474
)
Package hyperref Info: Driver (autodetected): hpdftex.
 (/usr/share/texlive/texmf-dist/tex/latex/hyperref/hpdftex.def
File: hpdftex.def 2024-01-20 v7.01h Hyperref driver for pdfTeX
 (/usr/share/texlive/texmf-dist/tex/latex/base/atveryend-ltx.sty
Package: atveryend-ltx 2020/08/19 v1.0a Emulation of the original atveryend package
with kernel methods
)
\Fld@listcount=\count475
\c@bookmark@seq@number=\count476
 (/usr/share/texlive/texmf-dist/tex/latex/rerunfilecheck/rerunfilecheck.sty
Package: rerunfilecheck 2022-07-10 v1.10 Rerun checks for auxiliary files (HO)
 (/usr/share/texlive/texmf-dist/tex/generic/uniquecounter/uniquecounter.sty
Package: uniquecounter 2019/12/15 v1.4 Provide unlimited unique counter (HO)
)
Package uniquecounter Info: New unique counter `rerunfilecheck' on input line 285.
)
\Hy@SectionHShift=\skip88
)

Package hyperref Warning: Token not allowed in a PDF string (Unicode):
(hyperref)                removing `subscript' on input line 63.


Package hyperref Warning: Token not allowed in a PDF string (Unicode):
(hyperref)                removing `subscript' on input line 63.


Package hyperref Warning: Token not allowed in a PDF string (Unicode):
(hyperref)                removing `subscript' on input line 63.

Package hyperref Info: Option `colorlinks' set `false' on input line 63.
\c@teorema=\count477
\c@ejemplo=\count478
\c@definicion=\count479
(/usr/share/texlive/texmf-dist/tex/latex/pdfpages/pdfpages.sty
Package: pdfpages 2024/01/21 v0.5y Insert pages of external PDF documents (AM)
 (/usr/share/texlive/texmf-dist/tex/latex/tools/calc.sty
Package: calc 2023/07/08 v4.3 Infix arithmetic (KKT,FJ)
\calc@Acount=\count480
\calc@Bcount=\count481
\calc@Adimen=\dimen277
\calc@Bdimen=\dimen278
\calc@Askip=\skip89
\calc@Bskip=\skip90
LaTeX Info: Redefining \setlength on input line 80.
LaTeX Info: Redefining \addtolength on input line 81.
\calc@Ccount=\count482
\calc@Cskip=\skip91
) (/usr/share/texlive/texmf-dist/tex/latex/eso-pic/eso-pic.sty
Package: eso-pic 2023/05/03 v3.0c eso-pic (RN)
\ESO@tempdima=\dimen279
\ESO@tempdimb=\dimen280
)
\AM@pagewidth=\dimen281
\AM@pageheight=\dimen282
\AM@fboxrule=\dimen283
 (/usr/share/texlive/texmf-dist/tex/latex/pdfpages/pppdftex.def
File: pppdftex.def 2024/01/21 v0.5y Pdfpages driver for pdfTeX (AM)
)
\pdfpages@includegraphics@status=\count483
\AM@pagebox=\box76
\AM@global@opts=\toks43
\AM@pagecnt=\count484
\AM@toc@title=\toks44
\AM@lof@heading=\toks45
\c@AM@survey=\count485
\AM@templatesizebox=\box77
)
Package csquotes Info: Checking for multilingual support...
Package csquotes Info: ... found 'babel' package.
Package csquotes Info: Adjusting default style.
Package csquotes Info: Redefining alias 'default' -> 'spanish'.
 (./proyecto.aux
LaTeX Info: Redefining \. on input line 12.
LaTeX Info: Redefining \% on input line 12.


LaTeX Warning: Label `fig:relacional_usuarios_perfiles' multiply defined.

)
\openout1 = `proyecto.aux'.

LaTeX Font Info:    Checking defaults for OML/cmm/m/it on input line 154.
LaTeX Font Info:    ... okay on input line 154.
LaTeX Font Info:    Checking defaults for OMS/cmsy/m/n on input line 154.
LaTeX Font Info:    ... okay on input line 154.
LaTeX Font Info:    Checking defaults for OT1/cmr/m/n on input line 154.
LaTeX Font Info:    ... okay on input line 154.
LaTeX Font Info:    Checking defaults for T1/cmr/m/n on input line 154.
LaTeX Font Info:    ... okay on input line 154.
LaTeX Font Info:    Checking defaults for TS1/cmr/m/n on input line 154.
LaTeX Font Info:    ... okay on input line 154.
LaTeX Font Info:    Checking defaults for OMX/cmex/m/n on input line 154.
LaTeX Font Info:    ... okay on input line 154.
LaTeX Font Info:    Checking defaults for U/cmr/m/n on input line 154.
LaTeX Font Info:    ... okay on input line 154.
LaTeX Font Info:    Checking defaults for PD1/pdf/m/n on input line 154.
LaTeX Font Info:    ... okay on input line 154.
LaTeX Font Info:    Checking defaults for PU/pdf/m/n on input line 154.
LaTeX Font Info:    ... okay on input line 154.
\c@lstlisting=\count486
LaTeX Info: Redefining \. on input line 154.
LaTeX Info: Redefining \% on input line 154.
Package biblatex Info: Trying to load language 'spanish'...
Package biblatex Info: ... file 'spanish.lbx' found.
 (/usr/share/texlive/texmf-dist/tex/latex/biblatex/lbx/spanish.lbx
File: spanish.lbx 2023/03/05 v3.19 biblatex localization (PK/MW)
)
Package biblatex Info: Input encoding 'utf8' detected.
Package biblatex Info: Automatic encoding selection.
(biblatex)             Assuming data encoding 'utf8'.
\openout3 = `proyecto.bcf'.

Package biblatex Info: Trying to load bibliographic data...
Package biblatex Info: ... file 'proyecto.bbl' found.
 (./proyecto.bbl)
Package biblatex Info: Reference section=0 on input line 154.
Package biblatex Info: Reference segment=0 on input line 154.
 (/usr/share/texlive/texmf-dist/tex/context/base/mkii/supp-pdf.mkii
[Loading MPS to PDF converter (version 2006.09.02).]
\scratchcounter=\count487
\scratchdimen=\dimen284
\scratchbox=\box78
\nofMPsegments=\count488
\nofMParguments=\count489
\everyMPshowfont=\toks46
\MPscratchCnt=\count490
\MPscratchDim=\dimen285
\MPnumerator=\count491
\makeMPintoPDFobject=\count492
\everyMPtoPDFconversion=\toks47
) (/usr/share/texlive/texmf-dist/tex/latex/epstopdf-pkg/epstopdf-base.sty
Package: epstopdf-base 2020-01-24 v2.11 Base part for package epstopdf
Package epstopdf-base Info: Redefining graphics rule for `.eps' on input line 485.
 (/usr/share/texlive/texmf-dist/tex/latex/latexconfig/epstopdf-sys.cfg
File: epstopdf-sys.cfg 2010/07/13 v1.3 Configuration of (r)epstopdf for TeX Live
))
Package caption Info: Begin \AtBeginDocument code.
Package caption Info: hyperref package is loaded.
Package caption Info: longtable package is loaded.
 (/usr/share/texlive/texmf-dist/tex/latex/caption/ltcaption.sty
Package: ltcaption 2021/01/08 v1.4c longtable captions (AR)
)
Package caption Info: End \AtBeginDocument code.
Package hyperref Info: Link coloring OFF on input line 154.
 (./proyecto.out) (./proyecto.out)
\@outlinefile=\write5
\openout5 = `proyecto.out'.

 (./portada/portada.tex
\centeroffset=\skip92
<imagenes/logo_ugr.jpg, id=147, 777.90625pt x 231.86626pt>
File: imagenes/logo_ugr.jpg Graphic file (type jpg)
<use imagenes/logo_ugr.jpg>
Package pdftex.def Info: imagenes/logo_ugr.jpg  used on input line 12.
(pdftex.def)             Requested size: 323.9978pt x 96.57295pt.
LaTeX Font Info:    External font `cmex10' loaded for size
(Font)              <10.95> on input line 23.
LaTeX Font Info:    External font `cmex10' loaded for size
(Font)              <8> on input line 23.
LaTeX Font Info:    External font `cmex10' loaded for size
(Font)              <6> on input line 23.

Overfull \hbox (24.0pt too wide) in paragraph at lines 9--24
| $[]$ 
 []

<imagenes/etsiit_logo.png, id=148, 110.814pt x 40.4712pt>
File: imagenes/etsiit_logo.png Graphic file (type png)
<use imagenes/etsiit_logo.png>
Package pdftex.def Info: imagenes/etsiit_logo.png  used on input line 32.
(pdftex.def)             Requested size: 108.0011pt x 39.44412pt.

Overfull \hbox (24.0pt too wide) in paragraph at lines 26--39
| $[]$ 
 []

[1


{/var/lib/texmf/fonts/map/pdftex/updmap/pdftex.map} <./imagenes/logo_ugr.jpg> <./imagenes/etsiit_logo.png>]) (./prefacios/prefacio.tex [2

] (./portada/portada_2.tex [3] [4

]
<imagenes/logo.png, id=173, 819.06pt x 746.03719pt>
File: imagenes/logo.png Graphic file (type png)
<use imagenes/logo.png>
Package pdftex.def Info: imagenes/logo.png  used on input line 20.
(pdftex.def)             Requested size: 161.9989pt x 147.55417pt.

Overfull \hbox (24.0pt too wide) in paragraph at lines 7--30
| $[]$ 
 []


Overfull \hbox (24.0pt too wide) in paragraph at lines 32--45
| $[]$
 []


pdfTeX warning (ext4): destination with the same identifier (name{page.1}) has been already used, duplicate ignored
<to be read again> 
                   \relax 
l.46 \end{titlepage}
                     [1 <./imagenes/logo.png>])
pdfTeX warning (ext4): destination with the same identifier (name{page.2}) has been already used, duplicate ignored
<to be read again> 
                   \relax 
l.11 \cleardoublepage
                      [2

]
Underfull \hbox (badness 10000) in paragraph at lines 22--23

 []


Underfull \hbox (badness 10000) in paragraph at lines 25--26

 []


Underfull \hbox (badness 10000) in paragraph at lines 27--28

 []


Underfull \hbox (badness 10000) in paragraph at lines 29--30

 []


pdfTeX warning (ext4): destination with the same identifier (name{page.3}) has been already used, duplicate ignored
<to be read again> 
                   \relax 
l.32 \cleardoublepage
                      [3]
pdfTeX warning (ext4): destination with the same identifier (name{page.4}) has been already used, duplicate ignored
<to be read again> 
                   \relax 
l.32 \cleardoublepage
                      [4

]
Underfull \hbox (badness 10000) in paragraph at lines 45--46

 []


Underfull \hbox (badness 10000) in paragraph at lines 48--49

 []


Underfull \hbox (badness 10000) in paragraph at lines 50--51

 []


Underfull \hbox (badness 10000) in paragraph at lines 52--53

 []

[5] [6

]
Underfull \hbox (badness 10000) in paragraph at lines 58--59

 []

[7] [8

]
Underfull \hbox (badness 10000) in paragraph at lines 79--80

 []

[9] [10

] [11] [12

] (./proyecto.toc
LaTeX Info: Redefining \sptext on input line 1.
LaTeX Info: Redefining \. on input line 1.
LaTeX Info: Redefining \% on input line 1.
 [13])
\tf@toc=\write6
\openout6 = `proyecto.toc'.

LaTeX Info: Redefining \. on input line 119.
LaTeX Info: Redefining \% on input line 119.
 [14] (./proyecto.lof
LaTeX Info: Redefining \sptext on input line 1.
LaTeX Info: Redefining \. on input line 1.
LaTeX Info: Redefining \% on input line 1.
 [15

]
Overfull \hbox (1.16806pt too wide) in paragraph at lines 39--39
 [][] [][]\OT1/cmr/m/n/10.95 Interfaces ope-ra-ti-vas del per-fil t^^Secni-co: pa-nel prin-ci-pal de bien- 
 []


Overfull \hbox (7.52513pt too wide) in paragraph at lines 43--43
 [][] [][]\OT1/cmr/m/n/10.95 Interfaces del m^^Sodu-lo mul-ti-me-dia: flu-jo guia-do de car-ga as^^S^^Pncro- 
 []

)
\tf@lof=\write7
\openout7 = `proyecto.lof'.

LaTeX Info: Redefining \. on input line 120.
LaTeX Info: Redefining \% on input line 120.
 [16]
LaTeX Info: Redefining \. on input line 120.
LaTeX Info: Redefining \% on input line 120.
 [17] [18

] (./proyecto.lot
LaTeX Info: Redefining \sptext on input line 1.
LaTeX Info: Redefining \. on input line 1.
LaTeX Info: Redefining \% on input line 1.
 [19]
Overfull \hbox (9.38168pt too wide) in paragraph at lines 44--44
 [][] [][]\OT1/cmr/m/n/10.95 Especificaci^^Son f^^S^^Psi-ca de la ta-bla in-ter-me-dia \OT1/cmtt/m/n/10.95 eventos[]deportistas\OT1/cmr/m/n/10.95 .[] [][]  
 []


Overfull \hbox (9.38168pt too wide) in paragraph at lines 46--46
 [][] [][]\OT1/cmr/m/n/10.95 Especificaci^^Son f^^S^^Psi-ca de la ta-bla in-ter-me-dia \OT1/cmtt/m/n/10.95 transporte[]reservas\OT1/cmr/m/n/10.95 .[] [][]  
 []

)
\tf@lot=\write8
\openout8 = `proyecto.lot'.

 (./capitulos/introduccion.tex
LaTeX Info: Redefining \. on input line 1.
LaTeX Info: Redefining \% on input line 1.
 [20]
Cap\'{\i }tulo 1.
[21

]
LaTeX Info: Redefining \. on input line 25.
LaTeX Info: Redefining \% on input line 25.
 [22]
LaTeX Info: Redefining \. on input line 35.
LaTeX Info: Redefining \% on input line 35.
 [23]
<imagenes/sportEasy.jpeg, id=544, 943.525pt x 2055.68pt>
File: imagenes/sportEasy.jpeg Graphic file (type jpg)
<use imagenes/sportEasy.jpeg>
Package pdftex.def Info: imagenes/sportEasy.jpeg  used on input line 47.
(pdftex.def)             Requested size: 120.94931pt x 190.05331pt.
<imagenes/Playoff.jpeg, id=547, 943.525pt x 2055.68pt>
File: imagenes/Playoff.jpeg Graphic file (type jpg)
<use imagenes/Playoff.jpeg>
Package pdftex.def Info: imagenes/Playoff.jpeg  used on input line 53.
(pdftex.def)             Requested size: 120.94931pt x 190.05331pt.
<imagenes/TeamSnap.jpeg, id=550, 943.525pt x 2055.68pt>
File: imagenes/TeamSnap.jpeg Graphic file (type jpg)
<use imagenes/TeamSnap.jpeg>
Package pdftex.def Info: imagenes/TeamSnap.jpeg  used on input line 63.
(pdftex.def)             Requested size: 120.94931pt x 190.05331pt.
<imagenes/Sprongo.jpeg, id=553, 943.525pt x 2055.68pt>
File: imagenes/Sprongo.jpeg Graphic file (type jpg)
<use imagenes/Sprongo.jpeg>
Package pdftex.def Info: imagenes/Sprongo.jpeg  used on input line 69.
(pdftex.def)             Requested size: 120.94931pt x 190.05331pt.
<imagenes/Onesporter.jpeg, id=556, 943.525pt x 2055.68pt>
File: imagenes/Onesporter.jpeg Graphic file (type jpg)
<use imagenes/Onesporter.jpeg>
Package pdftex.def Info: imagenes/Onesporter.jpeg  used on input line 79.
(pdftex.def)             Requested size: 118.78975pt x 187.19891pt.


LaTeX Warning: Float too large for page by 93.158pt on input line 86.

LaTeX Info: Redefining \. on input line 103.
LaTeX Info: Redefining \% on input line 103.
[24]
LaTeX Info: Redefining \. on input line 103.
LaTeX Info: Redefining \% on input line 103.
 [25 <./imagenes/sportEasy.jpeg> <./imagenes/playOff.jpeg> <./imagenes/teamSnap.jpeg> <./imagenes/sprongo.jpeg> <./imagenes/oneSporter.jpeg>]) (./capitulos/tecnologias.tex
LaTeX Info: Redefining \. on input line 1.
LaTeX Info: Redefining \% on input line 1.
 [26]
Cap\'{\i }tulo 2.
[27

] [28]) (./capitulos/diseño.tex
LaTeX Info: Redefining \. on input line 1.
LaTeX Info: Redefining \% on input line 1.
 [29] [30

]
Cap\'{\i }tulo 3.
Missing character: There is no , in font nullfont!

Underfull \vbox (badness 2326) has occurred while \output is active []

 [31]
Underfull \hbox (badness 3386) in paragraph at lines 98--98
[]|\OT1/cmr/m/n/8 IDE, emu-la-do-res An-dro-
 []


Underfull \hbox (badness 1242) in paragraph at lines 98--98
[]|\OT1/cmr/m/n/8 Backend (No-de.js), Fron-
 []

LaTeX Info: Redefining \. on input line 101.
LaTeX Info: Redefining \% on input line 101.
[32{/usr/share/texmf/fonts/enc/dvips/cm-super/cm-super-ts1.enc}]
LaTeX Info: Redefining \. on input line 149.
LaTeX Info: Redefining \% on input line 149.
 [33]
LaTeX Info: Redefining \. on input line 170.
LaTeX Info: Redefining \% on input line 170.
 [34]
LaTeX Info: Redefining \. on input line 183.
LaTeX Info: Redefining \% on input line 183.
 [35]
LaTeX Info: Redefining \. on input line 199.
LaTeX Info: Redefining \% on input line 199.
 [36]
LaTeX Info: Redefining \. on input line 211.
LaTeX Info: Redefining \% on input line 211.
 [37]
LaTeX Info: Redefining \. on input line 229.
LaTeX Info: Redefining \% on input line 229.
 [38]
LaTeX Info: Redefining \. on input line 248.
LaTeX Info: Redefining \% on input line 248.
 [39]
LaTeX Info: Redefining \. on input line 264.
LaTeX Info: Redefining \% on input line 264.
 [40]
<diagramas/DiagramaPaquetes.drawio.png, id=688, 653.44125pt x 322.20375pt>
File: diagramas/DiagramaPaquetes.drawio.png Graphic file (type png)
<use diagramas/DiagramaPaquetes.drawio.png>
Package pdftex.def Info: diagramas/DiagramaPaquetes.drawio.png  used on input line 283.
(pdftex.def)             Requested size: 216.0022pt x 106.50455pt.
LaTeX Info: Redefining \. on input line 288.
LaTeX Info: Redefining \% on input line 288.
 [41 <./diagramas/DiagramaPaquetes.drawio.png>]
<diagramas/DiagramaGestionUsuariosYAcceso.drawio.png, id=695, 2042.63126pt x 354.32375pt>
File: diagramas/DiagramaGestionUsuariosYAcceso.drawio.png Graphic file (type png)
<use diagramas/DiagramaGestionUsuariosYAcceso.drawio.png>
Package pdftex.def Info: diagramas/DiagramaGestionUsuariosYAcceso.drawio.png  used on input line 293.
(pdftex.def)             Requested size: 360.0pt x 62.44551pt.
<diagramas/CU_01.drawio.png, id=696, 2082.78125pt x 727.71875pt>
File: diagramas/CU_01.drawio.png Graphic file (type png)
<use diagramas/CU_01.drawio.png>
Package pdftex.def Info: diagramas/CU_01.drawio.png  used on input line 329.
(pdftex.def)             Requested size: 360.0pt x 125.77591pt.
<diagramas/CU_02.drawio.png, id=697, 1473.505pt x 753.81625pt>
File: diagramas/CU_02.drawio.png Graphic file (type png)
<use diagramas/CU_02.drawio.png>
Package pdftex.def Info: diagramas/CU_02.drawio.png  used on input line 363.
(pdftex.def)             Requested size: 360.0pt x 184.16324pt.
LaTeX Info: Redefining \. on input line 368.
LaTeX Info: Redefining \% on input line 368.
 [42 <./diagramas/DiagramaGestionUsuariosYAcceso.drawio.png>]
LaTeX Info: Redefining \. on input line 368.
LaTeX Info: Redefining \% on input line 368.
 [43 <./diagramas/CU_01.drawio.png> <./diagramas/CU_02.drawio.png>]
<diagramas/CU_05.drawio.png, id=712, 1335.99126pt x 684.5575pt>
File: diagramas/CU_05.drawio.png Graphic file (type png)
<use diagramas/CU_05.drawio.png>
Package pdftex.def Info: diagramas/CU_05.drawio.png  used on input line 457.
(pdftex.def)             Requested size: 360.0pt x 184.45695pt.
LaTeX Info: Redefining \. on input line 526.
LaTeX Info: Redefining \% on input line 526.
 [44]
LaTeX Info: Redefining \. on input line 526.
LaTeX Info: Redefining \% on input line 526.
 [45 <./diagramas/CU_05.drawio.png>]
LaTeX Info: Redefining \. on input line 526.
LaTeX Info: Redefining \% on input line 526.
 [46]
LaTeX Info: Redefining \. on input line 526.
LaTeX Info: Redefining \% on input line 526.
 [47]
<diagramas/DiagramaPlanificacionEntrenos.drawio.png, id=733, 531.9875pt x 495.8525pt>
File: diagramas/DiagramaPlanificacionEntrenos.drawio.png Graphic file (type png)
<use diagramas/DiagramaPlanificacionEntrenos.drawio.png>
Package pdftex.def Info: diagramas/DiagramaPlanificacionEntrenos.drawio.png  used on input line 532.
(pdftex.def)             Requested size: 360.0pt x 335.55609pt.
<diagramas/CU_06.drawio.png, id=734, 1339.0025pt x 935.495pt>
File: diagramas/CU_06.drawio.png Graphic file (type png)
<use diagramas/CU_06.drawio.png>
Package pdftex.def Info: diagramas/CU_06.drawio.png  used on input line 568.
(pdftex.def)             Requested size: 360.0pt x 251.51643pt.
<diagramas/CU_07.drawio.png, id=735, 1611.01875pt x 1134.2375pt>
File: diagramas/CU_07.drawio.png Graphic file (type png)
<use diagramas/CU_07.drawio.png>
Package pdftex.def Info: diagramas/CU_07.drawio.png  used on input line 604.
(pdftex.def)             Requested size: 288.0011pt x 202.75206pt.
<diagramas/CU_08.drawio.png, id=736, 1579.9025pt x 880.28876pt>
File: diagramas/CU_08.drawio.png Graphic file (type png)
<use diagramas/CU_08.drawio.png>
Package pdftex.def Info: diagramas/CU_08.drawio.png  used on input line 640.
(pdftex.def)             Requested size: 323.9978pt x 180.52751pt.
LaTeX Info: Redefining \. on input line 701.
LaTeX Info: Redefining \% on input line 701.
 [48 <./diagramas/DiagramaPlanificacionEntrenos.drawio.png>]
LaTeX Info: Redefining \. on input line 701.
LaTeX Info: Redefining \% on input line 701.
 [49 <./diagramas/CU_06.drawio.png>]
LaTeX Info: Redefining \. on input line 701.
LaTeX Info: Redefining \% on input line 701.
 [50 <./diagramas/CU_07.drawio.png>]
LaTeX Info: Redefining \. on input line 701.
LaTeX Info: Redefining \% on input line 701.
 [51 <./diagramas/CU_08.drawio.png>]
LaTeX Info: Redefining \. on input line 701.
LaTeX Info: Redefining \% on input line 701.
 [52]
<diagramas/DiagramaLogisticaTransporte.drawio.png, id=763, 622.325pt x 554.07pt>
File: diagramas/DiagramaLogisticaTransporte.drawio.png Graphic file (type png)
<use diagramas/DiagramaLogisticaTransporte.drawio.png>
Package pdftex.def Info: diagramas/DiagramaLogisticaTransporte.drawio.png  used on input line 706.
(pdftex.def)             Requested size: 216.0022pt x 192.3126pt.

Underfull \hbox (badness 10000) in paragraph at lines 703--724

 []


Underfull \hbox (badness 10000) in paragraph at lines 703--724

 []


Underfull \hbox (badness 10000) in paragraph at lines 703--724

 []


Underfull \hbox (badness 10000) in paragraph at lines 703--724

 []


Underfull \hbox (badness 10000) in paragraph at lines 703--724

 []


Underfull \hbox (badness 10000) in paragraph at lines 703--724

 []


Underfull \hbox (badness 10000) in paragraph at lines 703--724

 []


Underfull \hbox (badness 10000) in paragraph at lines 703--724

 []


Underfull \hbox (badness 10000) in paragraph at lines 703--724

 []


Underfull \hbox (badness 10000) in paragraph at lines 703--724

 []


Underfull \hbox (badness 10000) in paragraph at lines 703--724

 []


Underfull \hbox (badness 10000) in paragraph at lines 703--724

 []


Underfull \hbox (badness 10000) in paragraph at lines 703--724

 []


Underfull \hbox (badness 10000) in paragraph at lines 703--724

 []

<diagramas/CU_10.drawio.png, id=764, 1360.08125pt x 671.50874pt>
File: diagramas/CU_10.drawio.png Graphic file (type png)
<use diagramas/CU_10.drawio.png>
Package pdftex.def Info: diagramas/CU_10.drawio.png  used on input line 756.
(pdftex.def)             Requested size: 360.0pt x 177.7338pt.
LaTeX Info: Redefining \. on input line 790.
LaTeX Info: Redefining \% on input line 790.
[53 <./diagramas/DiagramaLogisticaTransporte.drawio.png>]
LaTeX Info: Redefining \. on input line 790.
LaTeX Info: Redefining \% on input line 790.
 [54 <./diagramas/CU_10.drawio.png>]
LaTeX Info: Redefining \. on input line 790.
LaTeX Info: Redefining \% on input line 790.
 [55]
<diagramas/CU_12.drawio.png, id=781, 1397.22pt x 643.40375pt>
File: diagramas/CU_12.drawio.png Graphic file (type png)
<use diagramas/CU_12.drawio.png>
Package pdftex.def Info: diagramas/CU_12.drawio.png  used on input line 821.
(pdftex.def)             Requested size: 288.0011pt x 132.6153pt.
 [56

 <./diagramas/CU_12.drawio.png>]
LaTeX Info: Redefining \. on input line 882.
LaTeX Info: Redefining \% on input line 882.
 [57]
<diagramas/DiagramaAsistencia.drawio.png, id=792, 594.22pt x 325.215pt>
File: diagramas/DiagramaAsistencia.drawio.png Graphic file (type png)
<use diagramas/DiagramaAsistencia.drawio.png>
Package pdftex.def Info: diagramas/DiagramaAsistencia.drawio.png  used on input line 888.
(pdftex.def)             Requested size: 288.0011pt x 157.62984pt.
LaTeX Info: Redefining \. on input line 893.
LaTeX Info: Redefining \% on input line 893.
 [58 <./diagramas/DiagramaAsistencia.drawio.png>]
<diagramas/CU_14.drawio.png, id=799, 1610.015pt x 712.6625pt>
File: diagramas/CU_14.drawio.png Graphic file (type png)
<use diagramas/CU_14.drawio.png>
Package pdftex.def Info: diagramas/CU_14.drawio.png  used on input line 924.
(pdftex.def)             Requested size: 288.0011pt x 127.47989pt.
<diagramas/CU_15.drawio.png, id=800, 1465.475pt x 712.6625pt>
File: diagramas/CU_15.drawio.png Graphic file (type png)
<use diagramas/CU_15.drawio.png>
Package pdftex.def Info: diagramas/CU_15.drawio.png  used on input line 960.
(pdftex.def)             Requested size: 323.9978pt x 157.5583pt.
LaTeX Info: Redefining \. on input line 965.
LaTeX Info: Redefining \% on input line 965.
 [59 <./diagramas/CU_14.drawio.png>]
LaTeX Info: Redefining \. on input line 965.
LaTeX Info: Redefining \% on input line 965.
 [60 <./diagramas/CU_15.drawio.png>]
<diagramas/ControlMultimedia.drawio.png, id=811, 491.8375pt x 308.15125pt>
File: diagramas/ControlMultimedia.drawio.png Graphic file (type png)
<use diagramas/ControlMultimedia.drawio.png>
Package pdftex.def Info: diagramas/ControlMultimedia.drawio.png  used on input line 971.
(pdftex.def)             Requested size: 288.0011pt x 180.44878pt.
LaTeX Info: Redefining \. on input line 976.
LaTeX Info: Redefining \% on input line 976.
 [61 <./diagramas/ControlMultimedia.drawio.png>]
<diagramas/CU_16.drawio.png, id=818, 1563.8425pt x 753.81625pt>
File: diagramas/CU_16.drawio.png Graphic file (type png)
<use diagramas/CU_16.drawio.png>
Package pdftex.def Info: diagramas/CU_16.drawio.png  used on input line 1010.
(pdftex.def)             Requested size: 323.9978pt x 156.17816pt.
<diagramas/CU_17.drawio.png, id=819, 1375.1375pt x 671.50874pt>
File: diagramas/CU_17.drawio.png Graphic file (type png)
<use diagramas/CU_17.drawio.png>
Package pdftex.def Info: diagramas/CU_17.drawio.png  used on input line 1046.
(pdftex.def)             Requested size: 323.9978pt x 158.21443pt.


Package caption Warning: The option `hypcap=true' will be ignored for this
(caption)                particular \caption on input line 1077.
See the caption package documentation for explanation.


Underfull \vbox (badness 10000) has occurred while \output is active []

 [62

 <./diagramas/CU_16.drawio.png>]
LaTeX Info: Redefining \. on input line 1077.
LaTeX Info: Redefining \% on input line 1077.
 [63 <./diagramas/CU_17.drawio.png>]
LaTeX Info: Redefining \. on input line 1081.
LaTeX Info: Redefining \% on input line 1081.
 [64]
<imagenes/arquitectura.png, id=837, 1486.55376pt x 706.64pt>
File: imagenes/arquitectura.png Graphic file (type png)
<use imagenes/arquitectura.png>
Package pdftex.def Info: imagenes/arquitectura.png  used on input line 1093.
(pdftex.def)             Requested size: 323.9978pt x 154.00565pt.
LaTeX Info: Redefining \. on input line 1101.
LaTeX Info: Redefining \% on input line 1101.
 [65 <./imagenes/arquitectura.png>]
Underfull \hbox (badness 1418) in paragraph at lines 1146--1146
\OT1/cmr/m/n/9 por-tis-tas y sus tu-to-res
 []


Underfull \hbox (badness 2478) in paragraph at lines 1146--1146
[]|\OT1/cmr/m/n/9 Recuperaci^^Son del lis-ta-
 []


Underfull \hbox (badness 1052) in paragraph at lines 1176--1176
[]|\OT1/cmr/m/n/8 Creaci^^Son de un en-tre-na-
 []


Underfull \hbox (badness 10000) in paragraph at lines 1176--1176
[]|\OT1/cmr/m/n/8 Entrenamientos vin-
 []


Underfull \hbox (badness 10000) in paragraph at lines 1176--1176
\OT1/cmr/m/n/8 cu-la-dos a la ca-te-gor^^S^^Pa
 []


Underfull \hbox (badness 10000) in paragraph at lines 1176--1176
[]|\OT1/cmr/m/n/8 Auditor^^S^^Pa com-ple-ta de
 []


Underfull \hbox (badness 1270) in paragraph at lines 1176--1176
[]|\OT1/cmr/m/n/8 Detalle ex-ten-di-do de un
 []


Underfull \hbox (badness 4291) in paragraph at lines 1176--1176
\OT1/cmr/m/n/8 asis-tir^^San a un en-tre-na-
 []


Underfull \hbox (badness 1210) in paragraph at lines 1176--1176
[]|\OT1/cmr/m/n/8 Inscripci^^Son ac-ti-va de un
 []


Underfull \hbox (badness 1817) in paragraph at lines 1176--1176
[]|\OT1/cmr/m/n/8 Modificaci^^Son del m^^Seto-do
 []


Underfull \hbox (badness 2894) in paragraph at lines 1201--1201
\OT1/cmr/m/n/8 dia de los en-tre-na-
 []


Underfull \hbox (badness 1675) in paragraph at lines 1201--1201
[]|\OT1/cmr/m/n/8 Almacenamiento f^^S^^Psi-
 []


Underfull \hbox (badness 6944) in paragraph at lines 1201--1201
\OT1/cmr/m/n/8 de jus-ti-fi-ca-ci^^Son ad-
 []


Underfull \hbox (badness 1968) in paragraph at lines 1201--1201
\OT1/cmr/m/n/8 trans-por-te cor-po-ra-ti-
 []


Underfull \hbox (badness 3942) in paragraph at lines 1201--1201
[]|\OT1/cmr/m/n/8 Control de la lis-ta
 []


Underfull \hbox (badness 2961) in paragraph at lines 1201--1201
[]|\OT1/cmr/m/n/8 Visualizaci^^Son de las
 []

<diagramas/Arquitectura.drawio.png, id=848, 778.91pt x 561.09625pt>
File: diagramas/Arquitectura.drawio.png Graphic file (type png)
<use diagramas/Arquitectura.drawio.png>
Package pdftex.def Info: diagramas/Arquitectura.drawio.png  used on input line 1208.
(pdftex.def)             Requested size: 323.9978pt x 233.38998pt.
LaTeX Info: Redefining \. on input line 1213.
LaTeX Info: Redefining \% on input line 1213.
[66]
LaTeX Info: Redefining \. on input line 1213.
LaTeX Info: Redefining \% on input line 1213.
 [67]
LaTeX Info: Redefining \. on input line 1213.
LaTeX Info: Redefining \% on input line 1213.
 [68]
LaTeX Info: Redefining \. on input line 1213.
LaTeX Info: Redefining \% on input line 1213.
 [69]
Underfull \hbox (badness 1960) in paragraph at lines 1244--1244
[]|\OT1/cmr/m/n/8 Panel prin-ci-pal de fa-mi-lias
 []


Underfull \hbox (badness 1248) in paragraph at lines 1244--1244
\OT1/cmr/m/n/8 gis-trar un es-quia-dor me-nor
 []


Underfull \hbox (badness 1577) in paragraph at lines 1244--1244
[]|\OT1/cmr/m/n/8 Visualizaci^^Son del ca-len-da-rio
 []


Underfull \hbox (badness 1448) in paragraph at lines 1244--1244
[]|\OT1/cmr/m/n/8 Vista ex-ten-di-da de even-tos
 []


Underfull \hbox (badness 2608) in paragraph at lines 1273--1273
[]|\OT1/cmr/bx/n/8 Funcionalidad e In-ter-faz de
 []


Underfull \hbox (badness 1852) in paragraph at lines 1273--1273
[]|\OT1/cmr/m/n/8 Panel de edi-ci^^Son de par^^Same-tros
 []

<diagramas/OrganizacionCliente.drawio.png, id=870, 873.2625pt x 1243.64626pt>
File: diagramas/OrganizacionCliente.drawio.png Graphic file (type png)
<use diagramas/OrganizacionCliente.drawio.png>
Package pdftex.def Info: diagramas/OrganizacionCliente.drawio.png  used on input line 1280.
(pdftex.def)             Requested size: 341.9989pt x 487.05057pt.
LaTeX Info: Redefining \. on input line 1285.
LaTeX Info: Redefining \% on input line 1285.
[70 <./diagramas/Arquitectura.drawio.png>]
LaTeX Info: Redefining \. on input line 1285.
LaTeX Info: Redefining \% on input line 1285.
 [71]
LaTeX Info: Redefining \. on input line 1285.
LaTeX Info: Redefining \% on input line 1285.
 [72]
LaTeX Info: Redefining \. on input line 1285.
LaTeX Info: Redefining \% on input line 1285.
 [73 <./diagramas/OrganizacionCliente.drawio.png>]
<diagramas/DiagramaBaseDatos.drawio.png, id=891, 1281.78876pt x 1122.1925pt>
File: diagramas/DiagramaBaseDatos.drawio.png Graphic file (type png)
<use diagramas/DiagramaBaseDatos.drawio.png>
Package pdftex.def Info: diagramas/DiagramaBaseDatos.drawio.png  used on input line 1294.
(pdftex.def)             Requested size: 360.0pt x 315.17065pt.
LaTeX Info: Redefining \. on input line 1299.
LaTeX Info: Redefining \% on input line 1299.
 [74 <./diagramas/DiagramaBaseDatos.drawio.png>]
Underfull \hbox (badness 10000) in paragraph at lines 1325--1325
[]|\OT1/cmr/m/n/8 Perfil del sis-te-ma: \OT1/cmtt/m/n/8 'admin'\OT1/cmr/m/n/8 ,
 []

LaTeX Info: Redefining \. on input line 1351.
LaTeX Info: Redefining \% on input line 1351.
[75]
<diagramas/DiagramaModeloUsuario.drawio.png, id=906, 771.88374pt x 607.26875pt>
File: diagramas/DiagramaModeloUsuario.drawio.png Graphic file (type png)
<use diagramas/DiagramaModeloUsuario.drawio.png>
Package pdftex.def Info: diagramas/DiagramaModeloUsuario.drawio.png  used on input line 1418.
(pdftex.def)             Requested size: 270.0pt x 212.41751pt.
LaTeX Info: Redefining \. on input line 1423.
LaTeX Info: Redefining \% on input line 1423.
 [76]
LaTeX Info: Redefining \. on input line 1455.
LaTeX Info: Redefining \% on input line 1455.
 [77 <./diagramas/DiagramaModeloUsuario.drawio.png>]
Underfull \hbox (badness 10000) in paragraph at lines 1474--1474
[]\OT1/cmr/m/n/10.95 Cuadro 3.40: |Es-pe-ci-fi-ca-ci^^Son f^^S^^Psi-ca de la ta-bla in-ter-me-dia
 []

LaTeX Info: Redefining \. on input line 1479.
LaTeX Info: Redefining \% on input line 1479.
[78]
<diagramas/DiaagramaModeloEntrenos.drawio.png, id=926, 451.6875pt x 492.84125pt>
File: diagramas/DiaagramaModeloEntrenos.drawio.png Graphic file (type png)
<use diagramas/DiaagramaModeloEntrenos.drawio.png>
Package pdftex.def Info: diagramas/DiaagramaModeloEntrenos.drawio.png  used on input line 1482.
(pdftex.def)             Requested size: 233.9978pt x 255.32385pt.
LaTeX Info: Redefining \. on input line 1492.
LaTeX Info: Redefining \% on input line 1492.
 [79 <./diagramas/DiaagramaModeloEntrenos.drawio.png>]
Underfull \hbox (badness 5460) in paragraph at lines 1511--1511
[]|\OT1/cmr/m/n/8 Identificador ^^Suni-co auto-incremental
 []


Underfull \hbox (badness 10000) in paragraph at lines 1533--1533
[]\OT1/cmr/m/n/10.95 Cuadro 3.42: |Es-pe-ci-fi-ca-ci^^Son f^^S^^Psi-ca de la ta-bla in-ter-me-dia
 []

<diagramas/DiagramaTransporte.drawio.png, id=933, 503.8825pt x 462.72874pt>
File: diagramas/DiagramaTransporte.drawio.png Graphic file (type png)
<use diagramas/DiagramaTransporte.drawio.png>
Package pdftex.def Info: diagramas/DiagramaTransporte.drawio.png  used on input line 1541.
(pdftex.def)             Requested size: 233.9978pt x 214.88422pt.
LaTeX Info: Redefining \. on input line 1546.
LaTeX Info: Redefining \% on input line 1546.
[80]
Underfull \hbox (badness 1205) in paragraph at lines 1576--1576
[]|\OT1/cmr/m/n/8 Identificador ^^Suni-co auto-incremental
 []

LaTeX Info: Redefining \. on input line 1581.
LaTeX Info: Redefining \% on input line 1581.
[81 <./diagramas/DiagramaTransporte.drawio.png>]
<diagramas/DiagramaMultimedia.drawio.png, id=948, 1048.91875pt x 493.845pt>
File: diagramas/DiagramaMultimedia.drawio.png Graphic file (type png)
<use diagramas/DiagramaMultimedia.drawio.png>
Package pdftex.def Info: diagramas/DiagramaMultimedia.drawio.png  used on input line 1607.
(pdftex.def)             Requested size: 288.0011pt x 135.59302pt.
LaTeX Info: Redefining \. on input line 1612.
LaTeX Info: Redefining \% on input line 1612.
 [82]
LaTeX Info: Redefining \. on input line 1625.
LaTeX Info: Redefining \% on input line 1625.
 [83 <./diagramas/DiagramaMultimedia.drawio.png>]
<imagenes/MockupAdmin.png, id=960, 2425.06pt x 2935.96875pt>
File: imagenes/MockupAdmin.png Graphic file (type png)
<use imagenes/MockupAdmin.png>
Package pdftex.def Info: imagenes/MockupAdmin.png  used on input line 1630.
(pdftex.def)             Requested size: 288.0011pt x 348.67232pt.
<imagenes/MockupPadre.png, id=961, 2223.30624pt x 1958.31625pt>
File: imagenes/MockupPadre.png Graphic file (type png)
<use imagenes/MockupPadre.png>
Package pdftex.def Info: imagenes/MockupPadre.png  used on input line 1637.
(pdftex.def)             Requested size: 288.0011pt x 253.66373pt.
LaTeX Info: Redefining \. on input line 1641.
LaTeX Info: Redefining \% on input line 1641.
 [84 <./imagenes/MockupAdmin.png>]
File: imagenes/logo.png Graphic file (type png)
<use imagenes/logo.png>
Package pdftex.def Info: imagenes/logo.png  used on input line 1653.
(pdftex.def)             Requested size: 180.0pt x 163.94655pt.
LaTeX Info: Redefining \. on input line 1657.
LaTeX Info: Redefining \% on input line 1657.
 [85 <./imagenes/MockupPadre.png>]
LaTeX Info: Redefining \. on input line 1657.
LaTeX Info: Redefining \% on input line 1657.
 [86]
Underfull \hbox (badness 10000) in paragraph at lines 1683--1683
[]|\OT1/cmr/m/n/8 Identificaci^^Son de en-tre-na-
 []


Underfull \hbox (badness 10000) in paragraph at lines 1683--1683
[]|\OT1/cmr/m/n/8 Identificaci^^Son de en-tre-na-
 []


Underfull \hbox (badness 3568) in paragraph at lines 1683--1683
\OT1/cmr/m/n/8 cia-les o com-pe-ti-cio-nes del
 []

LaTeX Info: Redefining \. on input line 1697.
LaTeX Info: Redefining \% on input line 1697.
[87]
LaTeX Font Info:    Font shape `OT1/cmtt/bx/n' in size <10.95> not available
(Font)              Font shape `OT1/cmtt/m/n' tried instead on input line 1697.
LaTeX Info: Redefining \. on input line 1713.
LaTeX Info: Redefining \% on input line 1713.
 [88]
Underfull \hbox (badness 1762) in paragraph at lines 1730--1730
[]|\OT1/cmr/bx/n/8 Responsabilidad en la Apli-ca-ci^^Son
 []

) (./capitulos/resultados.tex
LaTeX Info: Redefining \. on input line 1.
LaTeX Info: Redefining \% on input line 1.
 [89] [90

]
Cap\'{\i }tulo 4.
<imagenes/inicio.png, id=1004, 322.20375pt x 641.39626pt>
File: imagenes/inicio.png Graphic file (type png)
<use imagenes/inicio.png>
Package pdftex.def Info: imagenes/inicio.png  used on input line 20.
(pdftex.def)             Requested size: 111.59912pt x 222.15297pt.
<imagenes/solicitud_registro_1.png, id=1005, 327.2225pt x 595.22375pt>
File: imagenes/solicitud_registro_1.png Graphic file (type png)
<use imagenes/solicitud_registro_1.png>
Package pdftex.def Info: imagenes/solicitud_registro_1.png  used on input line 27.
(pdftex.def)             Requested size: 111.59912pt x 203.00008pt.
<imagenes/solicitud_registro_2.png, id=1006, 322.20375pt x 645.41125pt>
File: imagenes/solicitud_registro_2.png Graphic file (type png)
<use imagenes/solicitud_registro_2.png>
Package pdftex.def Info: imagenes/solicitud_registro_2.png  used on input line 34.
(pdftex.def)             Requested size: 111.59912pt x 223.54361pt.
[91]
<imagenes/recuperarContraseña.png, id=1013, 319.1925pt x 642.4pt>
File: imagenes/recuperarContraseña.png Graphic file (type png)
<use imagenes/recuperarContraseña.png>
Package pdftex.def Info: imagenes/recuperarContraseña.png  used on input line 56.
(pdftex.def)             Requested size: 108.0011pt x 217.35446pt.
<imagenes/codigo_restablecer.png, id=1014, 967.615pt x 367.3725pt>
File: imagenes/codigo_restablecer.png Graphic file (type png)
<use imagenes/codigo_restablecer.png>
Package pdftex.def Info: imagenes/codigo_restablecer.png  used on input line 63.
(pdftex.def)             Requested size: 108.0011pt x 40.99968pt.
<imagenes/recuperar_contraseña_relleno.png, id=1015, 323.2075pt x 641.39626pt>
File: imagenes/recuperar_contraseña_relleno.png Graphic file (type png)
<use imagenes/recuperar_contraseña_relleno.png>
Package pdftex.def Info: imagenes/recuperar_contraseña_relleno.png  used on input line 73.
(pdftex.def)             Requested size: 108.0011pt x 214.32346pt.
<imagenes/cambiar_contraseña.png, id=1016, 322.20375pt x 644.4075pt>
File: imagenes/cambiar_contraseña.png Graphic file (type png)
<use imagenes/cambiar_contraseña.png>
Package pdftex.def Info: imagenes/cambiar_contraseña.png  used on input line 80.
(pdftex.def)             Requested size: 108.0011pt x 215.9983pt.

Underfull \hbox (badness 10000) in paragraph at lines 81--81
[]\OT1/cmr/m/n/10 (d) |For-mu-la-rio pa-ra
 []

LaTeX Info: Redefining \. on input line 89.
LaTeX Info: Redefining \% on input line 89.
[92 <./imagenes/inicio.png> <./imagenes/solicitud_registro_1.png> <./imagenes/solicitud_registro_2.png>]
LaTeX Info: Redefining \. on input line 89.
LaTeX Info: Redefining \% on input line 89.
 [93 <./imagenes/recuperarContraseña.png> <./imagenes/codigo_restablecer.png> <./imagenes/recuperar_contraseña_relleno.png> <./imagenes/cambiar_contraseña.png>]
Overfull \hbox (7.3092pt too wide) in paragraph at lines 98--99
[]\OT1/cmr/m/n/10.95 Una vez va-li-da-do el c^^Sodi-go en el ser-vi-dor, la apli-ca-ci^^Son ha-bi-li-ta la transici^^Son
 []

<imagenes/inicio_entrenador.png, id=1037, 320.19624pt x 642.4pt>
File: imagenes/inicio_entrenador.png Graphic file (type png)
<use imagenes/inicio_entrenador.png>
Package pdftex.def Info: imagenes/inicio_entrenador.png  used on input line 114.
(pdftex.def)             Requested size: 108.0011pt x 216.67812pt.
<imagenes/detalle_entreno.png, id=1038, 322.20375pt x 640.3925pt>
File: imagenes/detalle_entreno.png Graphic file (type png)
<use imagenes/detalle_entreno.png>
Package pdftex.def Info: imagenes/detalle_entreno.png  used on input line 121.
(pdftex.def)             Requested size: 108.0011pt x 214.65251pt.
<imagenes/lista_transporte.png, id=1039, 318.18875pt x 642.4pt>
File: imagenes/lista_transporte.png Graphic file (type png)
<use imagenes/lista_transporte.png>
Package pdftex.def Info: imagenes/lista_transporte.png  used on input line 134.
(pdftex.def)             Requested size: 108.0011pt x 218.04062pt.
<imagenes/detalle_inscritos.png, id=1040, 323.2075pt x 642.4pt>
File: imagenes/detalle_inscritos.png Graphic file (type png)
<use imagenes/detalle_inscritos.png>
Package pdftex.def Info: imagenes/detalle_inscritos.png  used on input line 141.
(pdftex.def)             Requested size: 108.0011pt x 214.65886pt.
LaTeX Info: Redefining \. on input line 150.
LaTeX Info: Redefining \% on input line 150.
[94]
LaTeX Info: Redefining \. on input line 150.
LaTeX Info: Redefining \% on input line 150.
 [95 <./imagenes/inicio_entrenador.png> <./imagenes/detalle_entreno.png> <./imagenes/lista_transporte.png> <./imagenes/detalle_inscritos.png>]
Overfull \hbox (0.14383pt too wide) in paragraph at lines 157--157
[]\OT1/cmr/bx/n/10.95 Listado de Pa-sa-je-ros de Fur-go-ne-ta (Fi-gu-ra []4.4a[]): \OT1/cmr/m/n/10.95 Ven-ta-na emer-
 []

<imagenes/calendario_1.png, id=1058, 324.21124pt x 641.39626pt>
File: imagenes/calendario_1.png Graphic file (type png)
<use imagenes/calendario_1.png>
Package pdftex.def Info: imagenes/calendario_1.png  used on input line 168.
(pdftex.def)             Requested size: 90.0pt x 178.05318pt.
<imagenes/calendario_2.png, id=1059, 322.20375pt x 639.38875pt>
File: imagenes/calendario_2.png Graphic file (type png)
<use imagenes/calendario_2.png>
Package pdftex.def Info: imagenes/calendario_2.png  used on input line 175.
(pdftex.def)             Requested size: 90.0pt x 178.59834pt.
<imagenes/crear_evento_1.png, id=1060, 320.19624pt x 617.30624pt>
File: imagenes/crear_evento_1.png Graphic file (type png)
<use imagenes/crear_evento_1.png>
Package pdftex.def Info: imagenes/crear_evento_1.png  used on input line 185.
(pdftex.def)             Requested size: 90.0pt x 173.50392pt.
<imagenes/crear_evento_2.png, id=1061, 322.20375pt x 641.39626pt>
File: imagenes/crear_evento_2.png Graphic file (type png)
<use imagenes/crear_evento_2.png>
Package pdftex.def Info: imagenes/crear_evento_2.png  used on input line 192.
(pdftex.def)             Requested size: 90.0pt x 179.1591pt.
<imagenes/crear_evento_unico.png, id=1062, 325.215pt x 643.40375pt>
File: imagenes/crear_evento_unico.png Graphic file (type png)
<use imagenes/crear_evento_unico.png>
Package pdftex.def Info: imagenes/crear_evento_unico.png  used on input line 199.
(pdftex.def)             Requested size: 90.0pt x 178.05086pt.

Underfull \hbox (badness 10000) in paragraph at lines 200--200
[]\OT1/cmr/m/n/10 (e) |Pro-gra-ma-ci^^Son
 []

<imagenes/crear_evento_diario.png, id=1063, 319.1925pt x 643.40375pt>
File: imagenes/crear_evento_diario.png Graphic file (type png)
<use imagenes/crear_evento_diario.png>
Package pdftex.def Info: imagenes/crear_evento_diario.png  used on input line 209.
(pdftex.def)             Requested size: 90.0pt x 181.40846pt.

Underfull \hbox (badness 10000) in paragraph at lines 210--210
[]\OT1/cmr/m/n/10 (f) |Pro-gra-ma-ci^^Son
 []

<imagenes/crear_evento_semanal.png, id=1064, 323.2075pt x 645.41125pt>
File: imagenes/crear_evento_semanal.png Graphic file (type png)
<use imagenes/crear_evento_semanal.png>
Package pdftex.def Info: imagenes/crear_evento_semanal.png  used on input line 216.
(pdftex.def)             Requested size: 90.0pt x 179.71925pt.

LaTeX Warning: Float too large for page by 99.77293pt on input line 223.

LaTeX Info: Redefining \. on input line 225.
LaTeX Info: Redefining \% on input line 225.
[96]
LaTeX Info: Redefining \. on input line 225.
LaTeX Info: Redefining \% on input line 225.
 [97 <./imagenes/calendario_1.png> <./imagenes/calendario_2.png> <./imagenes/crear_evento_1.png> <./imagenes/crear_evento_2.png> <./imagenes/crear_evento_unico.png> <./imagenes/crear_evento_diario.png> <./imagenes/crear_evento_semanal.png>]
<imagenes/modificar_enrteno.png, id=1083, 318.18875pt x 645.41125pt>
File: imagenes/modificar_enrteno.png Graphic file (type png)
<use imagenes/modificar_enrteno.png>
Package pdftex.def Info: imagenes/modificar_enrteno.png  used on input line 240.
(pdftex.def)             Requested size: 100.79956pt x 204.45786pt.
<imagenes/modificar_entreno_2.png, id=1084, 320.19624pt x 645.41125pt>
File: imagenes/modificar_entreno_2.png Graphic file (type png)
<use imagenes/modificar_entreno_2.png>
Package pdftex.def Info: imagenes/modificar_entreno_2.png  used on input line 247.
(pdftex.def)             Requested size: 100.79956pt x 203.1776pt.
<imagenes/eliminar_entreno.png, id=1085, 320.19624pt x 641.39626pt>
File: imagenes/eliminar_entreno.png Graphic file (type png)
<use imagenes/eliminar_entreno.png>
Package pdftex.def Info: imagenes/eliminar_entreno.png  used on input line 254.
(pdftex.def)             Requested size: 100.79956pt x 201.91365pt.
LaTeX Info: Redefining \. on input line 272.
LaTeX Info: Redefining \% on input line 272.
 [98]
<imagenes/galeria_entrenador.png, id=1093, 317.185pt x 642.4pt>
File: imagenes/galeria_entrenador.png Graphic file (type png)
<use imagenes/galeria_entrenador.png>
Package pdftex.def Info: imagenes/galeria_entrenador.png  used on input line 281.
(pdftex.def)             Requested size: 108.0011pt x 218.73659pt.
<imagenes/subir_galeria.png, id=1094, 324.21124pt x 643.40375pt>
File: imagenes/subir_galeria.png Graphic file (type png)
<use imagenes/subir_galeria.png>
Package pdftex.def Info: imagenes/subir_galeria.png  used on input line 288.
(pdftex.def)             Requested size: 108.0011pt x 214.32666pt.
<imagenes/subir_fotos_galeria_drive.png, id=1095, 322.20375pt x 645.41125pt>
File: imagenes/subir_fotos_galeria_drive.png Graphic file (type png)
<use imagenes/subir_fotos_galeria_drive.png>
Package pdftex.def Info: imagenes/subir_fotos_galeria_drive.png  used on input line 298.
(pdftex.def)             Requested size: 108.0011pt x 216.33475pt.
<imagenes/eliminar_galeria_entrenador.png, id=1096, 320.19624pt x 641.39626pt>
File: imagenes/eliminar_galeria_entrenador.png Graphic file (type png)
<use imagenes/eliminar_galeria_entrenador.png>
Package pdftex.def Info: imagenes/eliminar_galeria_entrenador.png  used on input line 305.
(pdftex.def)             Requested size: 108.0011pt x 216.33955pt.
LaTeX Info: Redefining \. on input line 319.
LaTeX Info: Redefining \% on input line 319.
 [99 <./imagenes/modificar_enrteno.png> <./imagenes/modificar_entreno_2.png> <./imagenes/eliminar_entreno.png>]
LaTeX Info: Redefining \. on input line 319.
LaTeX Info: Redefining \% on input line 319.
 [100 <./imagenes/galeria_entrenador.png> <./imagenes/subir_galeria.png> <./imagenes/subir_fotos_galeria_drive.png> <./imagenes/eliminar_galeria_entrenador.png>]
<imagenes/perfil_entrenador.png, id=1113, 318.18875pt x 640.3925pt>
File: imagenes/perfil_entrenador.png Graphic file (type png)
<use imagenes/perfil_entrenador.png>
Package pdftex.def Info: imagenes/perfil_entrenador.png  used on input line 326.
(pdftex.def)             Requested size: 126.0022pt x 253.5923pt.

Underfull \hbox (badness 3098) in paragraph at lines 327--327
[]\OT1/cmr/m/n/10 (a) |In-ter-faz de per-fil del
 []

<imagenes/asistencia_pista_entrenador.png, id=1114, 319.1925pt x 641.39626pt>
File: imagenes/asistencia_pista_entrenador.png Graphic file (type png)
<use imagenes/asistencia_pista_entrenador.png>
Package pdftex.def Info: imagenes/asistencia_pista_entrenador.png  used on input line 336.
(pdftex.def)             Requested size: 82.79846pt x 166.3774pt.

Underfull \hbox (badness 10000) in paragraph at lines 337--337
[]\OT1/cmr/m/n/10 (b) |His-to-rial en
 []

<imagenes/asistencia_fisico_entrenador.png, id=1115, 320.19624pt x 617.30624pt>
File: imagenes/asistencia_fisico_entrenador.png Graphic file (type png)
<use imagenes/asistencia_fisico_entrenador.png>
Package pdftex.def Info: imagenes/asistencia_fisico_entrenador.png  used on input line 343.
(pdftex.def)             Requested size: 82.79846pt x 159.61984pt.
<imagenes/transporte_proximos.png, id=1116, 319.1925pt x 642.4pt>
File: imagenes/transporte_proximos.png Graphic file (type png)
<use imagenes/transporte_proximos.png>
Package pdftex.def Info: imagenes/transporte_proximos.png  used on input line 351.
(pdftex.def)             Requested size: 82.79846pt x 166.63777pt.

Underfull \hbox (badness 3769) in paragraph at lines 352--352
[]\OT1/cmr/m/n/10 (d) |Ru-tas pr^^Soxi-
 []

<imagenes/transporte_pasados.png, id=1117, 321.2pt x 639.38875pt>
File: imagenes/transporte_pasados.png Graphic file (type png)
<use imagenes/transporte_pasados.png>
Package pdftex.def Info: imagenes/transporte_pasados.png  used on input line 358.
(pdftex.def)             Requested size: 82.79846pt x 164.82248pt.
LaTeX Info: Redefining \. on input line 378.
LaTeX Info: Redefining \% on input line 378.
[101]
LaTeX Info: Redefining \. on input line 378.
LaTeX Info: Redefining \% on input line 378.
 [102 <./imagenes/perfil_entrenador.png> <./imagenes/asistencia_pista_entrenador.png> <./imagenes/asistencia_fisico_entrenador.png> <./imagenes/transporte_proximos.png> <./imagenes/transporte_pasados.png>]
<imagenes/inicio_admin.png, id=1139, 322.20375pt x 638.385pt>
File: imagenes/inicio_admin.png Graphic file (type png)
<use imagenes/inicio_admin.png>
Package pdftex.def Info: imagenes/inicio_admin.png  used on input line 389.
(pdftex.def)             Requested size: 126.0022pt x 249.651pt.
LaTeX Info: Redefining \. on input line 398.
LaTeX Info: Redefining \% on input line 398.
 [103 <./imagenes/inicio_admin.png>]
<imagenes/galeria_admin.png, id=1146, 317.185pt x 640.3925pt>
File: imagenes/galeria_admin.png Graphic file (type png)
<use imagenes/galeria_admin.png>
Package pdftex.def Info: imagenes/galeria_admin.png  used on input line 403.
(pdftex.def)             Requested size: 161.9989pt x 327.08443pt.
<imagenes/añadir_galeria_admin.png, id=1147, 321.2pt x 643.40375pt>
File: imagenes/añadir_galeria_admin.png Graphic file (type png)
<use imagenes/añadir_galeria_admin.png>
Package pdftex.def Info: imagenes/añadir_galeria_admin.png  used on input line 410.
(pdftex.def)             Requested size: 161.9989pt x 324.5089pt.
LaTeX Info: Redefining \. on input line 419.
LaTeX Info: Redefining \% on input line 419.
 [104 <./imagenes/galeria_admin.png> <./imagenes/añadir_galeria_admin.png>]
<imagenes/perfil_admin.png, id=1154, 321.2pt x 640.3925pt>
File: imagenes/perfil_admin.png Graphic file (type png)
<use imagenes/perfil_admin.png>
Package pdftex.def Info: imagenes/perfil_admin.png  used on input line 424.
(pdftex.def)             Requested size: 79.20044pt x 157.89912pt.
<imagenes/asistencia_pista_admin.png, id=1155, 320.19624pt x 642.4pt>
File: imagenes/asistencia_pista_admin.png Graphic file (type png)
<use imagenes/asistencia_pista_admin.png>
Package pdftex.def Info: imagenes/asistencia_pista_admin.png  used on input line 431.
(pdftex.def)             Requested size: 79.20044pt x 158.89401pt.

Underfull \hbox (badness 10000) in paragraph at lines 432--432
[]\OT1/cmr/m/n/10 (b) |Ta-bla de
 []

<imagenes/asistencia_entreno_admin.png, id=1156, 323.2075pt x 639.38875pt>
File: imagenes/asistencia_entreno_admin.png Graphic file (type png)
<use imagenes/asistencia_entreno_admin.png>
Package pdftex.def Info: imagenes/asistencia_entreno_admin.png  used on input line 438.
(pdftex.def)             Requested size: 79.20044pt x 156.676pt.
<imagenes/filtro_asistencia.png, id=1157, 322.20375pt x 643.40375pt>
File: imagenes/filtro_asistencia.png Graphic file (type png)
<use imagenes/filtro_asistencia.png>
Package pdftex.def Info: imagenes/filtro_asistencia.png  used on input line 445.
(pdftex.def)             Requested size: 79.20044pt x 158.15071pt.
<imagenes/furgo_admin.png, id=1158, 320.19624pt x 641.39626pt>
File: imagenes/furgo_admin.png Graphic file (type png)
<use imagenes/furgo_admin.png>
Package pdftex.def Info: imagenes/furgo_admin.png  used on input line 458.
(pdftex.def)             Requested size: 79.20044pt x 158.64574pt.
<imagenes/solicitud_usuarios.png, id=1159, 320.19624pt x 640.3925pt>
File: imagenes/solicitud_usuarios.png Graphic file (type png)
<use imagenes/solicitud_usuarios.png>
Package pdftex.def Info: imagenes/solicitud_usuarios.png  used on input line 465.
(pdftex.def)             Requested size: 79.20044pt x 158.39746pt.
<imagenes/lista_entrenadores.png, id=1160, 321.2pt x 639.38875pt>
File: imagenes/lista_entrenadores.png Graphic file (type png)
<use imagenes/lista_entrenadores.png>
Package pdftex.def Info: imagenes/lista_entrenadores.png  used on input line 472.
(pdftex.def)             Requested size: 79.20044pt x 157.65163pt.
<imagenes/lista_deportistas.png, id=1161, 321.2pt x 642.4pt>
File: imagenes/lista_deportistas.png Graphic file (type png)
<use imagenes/lista_deportistas.png>
Package pdftex.def Info: imagenes/lista_deportistas.png  used on input line 479.
(pdftex.def)             Requested size: 79.20044pt x 158.3941pt.

Underfull \hbox (badness 10000) in paragraph at lines 480--480
[]\OT1/cmr/m/n/10 (d) |Ex-pe-dien-tes
 []

LaTeX Info: Redefining \. on input line 492.
LaTeX Info: Redefining \% on input line 492.
[105 <./imagenes/perfil_admin.png> <./imagenes/asistencia_pista_admin.png> <./imagenes/asistencia_entreno_admin.png> <./imagenes/filtro_asistencia.png>]
LaTeX Info: Redefining \. on input line 502.
LaTeX Info: Redefining \% on input line 502.
 [106 <./imagenes/furgo_admin.png> <./imagenes/solicitud_usuarios.png> <./imagenes/lista_entrenadores.png> <./imagenes/lista_deportistas.png>]
<imagenes/detalle_apuntar.png, id=1194, 320.19624pt x 644.4075pt>
File: imagenes/detalle_apuntar.png Graphic file (type png)
<use imagenes/detalle_apuntar.png>
Package pdftex.def Info: imagenes/detalle_apuntar.png  used on input line 510.
(pdftex.def)             Requested size: 100.79956pt x 202.8616pt.
<imagenes/detalle_padre.png, id=1195, 322.20375pt x 638.385pt>
File: imagenes/detalle_padre.png Graphic file (type png)
<use imagenes/detalle_padre.png>
Package pdftex.def Info: imagenes/detalle_padre.png  used on input line 517.
(pdftex.def)             Requested size: 100.79956pt x 199.71886pt.
<imagenes/desapuntar_deportista.png, id=1196, 320.19624pt x 640.3925pt>
File: imagenes/desapuntar_deportista.png Graphic file (type png)
<use imagenes/desapuntar_deportista.png>
Package pdftex.def Info: imagenes/desapuntar_deportista.png  used on input line 524.
(pdftex.def)             Requested size: 100.79956pt x 201.59767pt.
<imagenes/desapuntar_transporte.png, id=1197, 320.19624pt x 643.40375pt>
File: imagenes/desapuntar_transporte.png Graphic file (type png)
<use imagenes/desapuntar_transporte.png>
Package pdftex.def Info: imagenes/desapuntar_transporte.png  used on input line 537.
(pdftex.def)             Requested size: 100.79956pt x 202.54562pt.

Underfull \hbox (badness 10000) in paragraph at lines 538--538
[]\OT1/cmr/m/n/10 (a) |Mo-di-fi-ca-ci^^Son de
 []

<imagenes/galeria_padre.png, id=1198, 321.2pt x 642.4pt>
File: imagenes/galeria_padre.png Graphic file (type png)
<use imagenes/galeria_padre.png>
Package pdftex.def Info: imagenes/galeria_padre.png  used on input line 544.
(pdftex.def)             Requested size: 100.79956pt x 201.5925pt.
<imagenes/descargar_padre.png, id=1199, 322.20375pt x 641.39626pt>
File: imagenes/descargar_padre.png Graphic file (type png)
<use imagenes/descargar_padre.png>
Package pdftex.def Info: imagenes/descargar_padre.png  used on input line 551.
(pdftex.def)             Requested size: 100.79956pt x 200.66093pt.

Underfull \hbox (badness 6708) in paragraph at lines 552--552
[]\OT1/cmr/m/n/10 (c) |Con-fir-ma-ci^^Son de
 []

LaTeX Info: Redefining \. on input line 560.
LaTeX Info: Redefining \% on input line 560.
[107 <./imagenes/detalle_apuntar.png> <./imagenes/detalle_padre.png> <./imagenes/desapuntar_deportista.png>]
<imagenes/perfil_padre.png, id=1215, 320.19624pt x 640.3925pt>
File: imagenes/perfil_padre.png Graphic file (type png)
<use imagenes/perfil_padre.png>
Package pdftex.def Info: imagenes/perfil_padre.png  used on input line 573.
(pdftex.def)             Requested size: 71.9989pt x 143.99414pt.

Underfull \hbox (badness 10000) in paragraph at lines 574--574
[]\OT1/cmr/m/n/10 (a) |Men^^Su del
 []

<imagenes/asistencia_padre.png, id=1216, 321.2pt x 647.41875pt>
File: imagenes/asistencia_padre.png Graphic file (type png)
<use imagenes/asistencia_padre.png>
Package pdftex.def Info: imagenes/asistencia_padre.png  used on input line 580.
(pdftex.def)             Requested size: 71.9989pt x 145.1196pt.
<imagenes/picker_asistencia.png, id=1217, 325.215pt x 645.41125pt>
File: imagenes/picker_asistencia.png Graphic file (type png)
<use imagenes/picker_asistencia.png>
Package pdftex.def Info: imagenes/picker_asistencia.png  used on input line 587.
(pdftex.def)             Requested size: 71.9989pt x 142.8871pt.

Underfull \hbox (badness 10000) in paragraph at lines 588--588
[]\OT1/cmr/m/n/10 (c) |Se-lec-tor
 []


Underfull \hbox (badness 10000) in paragraph at lines 588--588
\OT1/cmr/m/n/10 din^^Sami-co de
 []

<imagenes/asistencia_fisico_padre.png, id=1218, 323.2075pt x 640.3925pt>
File: imagenes/asistencia_fisico_padre.png Graphic file (type png)
<use imagenes/asistencia_fisico_padre.png>
Package pdftex.def Info: imagenes/asistencia_fisico_padre.png  used on input line 594.
(pdftex.def)             Requested size: 71.9989pt x 142.65544pt.
<imagenes/transporte_padre.png, id=1219, 323.2075pt x 644.4075pt>
File: imagenes/transporte_padre.png Graphic file (type png)
<use imagenes/transporte_padre.png>
Package pdftex.def Info: imagenes/transporte_padre.png  used on input line 607.
(pdftex.def)             Requested size: 71.9989pt x 143.54984pt.

Underfull \hbox (badness 5091) in paragraph at lines 608--608
[]\OT1/cmr/m/n/10 (a) |Es-ta-do de
 []

<imagenes/transporte_historial.png, id=1220, 323.2075pt x 643.40375pt>
File: imagenes/transporte_historial.png Graphic file (type png)
<use imagenes/transporte_historial.png>
Package pdftex.def Info: imagenes/transporte_historial.png  used on input line 614.
(pdftex.def)             Requested size: 71.9989pt x 143.32623pt.

Underfull \hbox (badness 10000) in paragraph at lines 615--615
[]\OT1/cmr/m/n/10 (b) |His-to-rial
 []


Underfull \hbox (badness 10000) in paragraph at lines 615--615
\OT1/cmr/m/n/10 log^^S^^Psti-co de
 []

<imagenes/administrar_deportistas_padre.png, id=1221, 323.2075pt x 638.385pt>
File: imagenes/administrar_deportistas_padre.png Graphic file (type png)
<use imagenes/administrar_deportistas_padre.png>
Package pdftex.def Info: imagenes/administrar_deportistas_padre.png  used on input line 621.
(pdftex.def)             Requested size: 71.9989pt x 142.20824pt.
<imagenes/añadir_hijo.png, id=1222, 319.1925pt x 594.22pt>
File: imagenes/añadir_hijo.png Graphic file (type png)
<use imagenes/añadir_hijo.png>
Package pdftex.def Info: imagenes/añadir_hijo.png  used on input line 628.
(pdftex.def)             Requested size: 71.9989pt x 134.0292pt.

Underfull \hbox (badness 10000) in paragraph at lines 629--629
[]\OT1/cmr/m/n/10 (d) |For-mu-la-rio
 []


Underfull \hbox (badness 5189) in paragraph at lines 629--629
\OT1/cmr/m/n/10 de re-gis-tro de
 []

) (./capitulos/conclusiones.tex
LaTeX Info: Redefining \. on input line 1.
LaTeX Info: Redefining \% on input line 1.
 [108 <./imagenes/desapuntar_transporte.png> <./imagenes/galeria_padre.png> <./imagenes/descargar_padre.png>]
LaTeX Info: Redefining \. on input line 1.
LaTeX Info: Redefining \% on input line 1.
 [109 <./imagenes/perfil_padre.png> <./imagenes/asistencia_padre.png> <./imagenes/picker_asistencia.png> <./imagenes/asistencia_fisico_padre.png> <./imagenes/transporte_padre.png> <./imagenes/transporte_historial.png> <./imagenes/administrar_deportistas_padre.png> <./imagenes/añadir_hijo.png>] [110

]
Cap\'{\i }tulo 5.
[111]
LaTeX Info: Redefining \. on input line 38.
LaTeX Info: Redefining \% on input line 38.
 [112]) (./apendice/apendice.tex
LaTeX Info: Redefining \. on input line 2.
LaTeX Info: Redefining \% on input line 2.
 [113] [114

]
Ap\'{e}ndice A.
[115]
LaTeX Info: Redefining \. on input line 36.
LaTeX Info: Redefining \% on input line 36.
 [116]
LaTeX Info: Redefining \. on input line 48.
LaTeX Info: Redefining \% on input line 48.
 [117]))
LaTeX Info: Redefining \. on input line 186.
LaTeX Info: Redefining \% on input line 186.
 [118]
LaTeX Font Info:    Trying to load font information for U+lasy on input line 187.
 (/usr/share/texlive/texmf-dist/tex/latex/base/ulasy.fd
File: ulasy.fd 1998/08/17 v2.2e LaTeX symbol font definitions
)
Overfull \hbox (4.06749pt too wide) in paragraph at lines 187--187
[]\OT1/cmr/m/n/10.95 Michael Jo-nes, John Brad-ley y Nat Sa-ki-mu-ra. \OT1/cmr/m/it/10.95 JSON Web To-ken (JWT)
 []

[119


] [120

] [121] (./proyecto.aux
LaTeX Info: Redefining \sptext on input line 12.
LaTeX Info: Redefining \. on input line 12.
LaTeX Info: Redefining \% on input line 12.
)
 ***********
LaTeX2e <2023-11-01> patch level 1
L3 programming layer <2024-01-22>
 ***********


LaTeX Warning: There were multiply-defined labels.

Package rerunfilecheck Info: File `proyecto.out' has not changed.
(rerunfilecheck)             Checksum: 6BF5AA330EC77C3D27C6DEE345AAD64E;6923.
Package logreq Info: Writing requests to 'proyecto.run.xml'.
\openout1 = `proyecto.run.xml'.

 ) 
Here is how much of TeX's memory you used:
 36250 strings out of 474222
 710576 string characters out of 5748733
 1962975 words of memory out of 5000000
 57641 multiletter control sequences out of 15000+600000
 568532 words of font info for 71 fonts, out of 8000000 for 9000
 1141 hyphenation exceptions out of 8191
 99i,15n,107p,1189b,2333s stack positions out of 10000i,1000n,20000p,200000b,200000s
</usr/share/texlive/texmf-dist/fonts/type1/public/amsfonts/cm/cmbx10.pfb></usr/share/texlive/texmf-dist/fonts/type1/public/amsfonts/cm/cmbx12.pfb></usr/share/texlive/texmf-dist/fonts/type1/public/amsfonts/cm/cmbx8.pfb></usr/share/texlive/texmf-dist/fonts/type1/public/amsfonts/cm/cmbx9.pfb></usr/share/texlive/texmf-dist/fonts/type1/public/amsfonts/cm/cmbxti10.pfb></usr/share/texlive/texmf-dist/fonts/type1/public/amsfonts/cm/cmcsc10.pfb></usr/share/texlive/texmf-dist/fonts/type1/public/amsfonts/cm/cmmi10.pfb></usr/share/texlive/texmf-dist/fonts/type1/public/amsfonts/cm/cmmi8.pfb></usr/share/texlive/texmf-dist/fonts/type1/public/amsfonts/cm/cmr10.pfb></usr/share/texlive/texmf-dist/fonts/type1/public/amsfonts/cm/cmr5.pfb></usr/share/texlive/texmf-dist/fonts/type1/public/amsfonts/cm/cmr6.pfb></usr/share/texlive/texmf-dist/fonts/type1/public/amsfonts/cm/cmr8.pfb></usr/share/texlive/texmf-dist/fonts/type1/public/amsfonts/cm/cmr9.pfb></usr/share/texlive/texmf-dist/fonts/type1/public/amsfonts/cm/cmsy10.pfb></usr/share/texlive/texmf-dist/fonts/type1/public/amsfonts/cm/cmsy8.pfb></usr/share/texlive/texmf-dist/fonts/type1/public/amsfonts/cm/cmti10.pfb></usr/share/texlive/texmf-dist/fonts/type1/public/amsfonts/cm/cmti8.pfb></usr/share/texlive/texmf-dist/fonts/type1/public/amsfonts/cm/cmti9.pfb></usr/share/texlive/texmf-dist/fonts/type1/public/amsfonts/cm/cmtt10.pfb></usr/share/texlive/texmf-dist/fonts/type1/public/amsfonts/cm/cmtt8.pfb></usr/share/texlive/texmf-dist/fonts/type1/public/amsfonts/latxfont/lasy10.pfb></usr/share/texmf/fonts/type1/public/cm-super/sfbx0800.pfb></usr/share/texmf/fonts/type1/public/cm-super/sfrm0800.pfb></usr/share/texmf/fonts/type1/public/cm-super/sfrm1095.pfb>
Output written on proyecto.pdf (125 pages, 6697393 bytes).
PDF statistics:
 1491 PDF objects out of 1728 (max. 8388607)
 1123 compressed objects within 12 object streams
 333 named destinations out of 1000 (max. 500000)
 748 words of extra memory for PDF output out of 10000 (max. 10000000)

